#
# A fatal error has been detected by the Java Runtime Environment:
#
#  SIGSEGV (0xb) at pc=0x00007f49c8f952af, pid=23758, tid=139954871871232
#
# JRE version: 6.0_22-b04
# Java VM: Java HotSpot(TM) 64-Bit Server VM (17.1-b03 mixed mode linux-amd64 )
# Problematic frame:
# C  [libSoarKernelSML.so+0xd12af]
#
# If you would like to submit a bug report, please visit:
#   http://java.sun.com/webapps/bugreport/crash.jsp
#

---------------  T H R E A D  ---------------

Current thread is native thread

siginfo:si_signo=SIGSEGV: si_errno=0, si_code=1 (SEGV_MAPERR), si_addr=0x0000000000000021

Registers:
RAX=0x0000000000000001, RBX=0x0000000041fe1060, RCX=0x00007f49c9317408, RDX=0x0000000000000001
RSP=0x00007f49c86c13e0, RBP=0x0000000041fe4910, RSI=0x00000000422a1710, RDI=0x0000000041fe4910
R8 =0x0000000000000000, R9 =0x0000000000000000, R10=0x0000000041fa8c30, R11=0x0000000000000246
R12=0x000000000000000a, R13=0x000000000014b8b0, R14=0x0000000000000000, R15=0x000000000004ce78
RIP=0x00007f49c8f952af, EFL=0x0000000000010202, CSGSFS=0x0000000000000033, ERR=0x0000000000000004
  TRAPNO=0x000000000000000e

Top of Stack: (sp=0x00007f49c86c13e0)
0x00007f49c86c13e0:   00000000000002a5 0000000000011170
0x00007f49c86c13f0:   00000000000001a2 0000000000081650
0x00007f49c86c1400:   00000000000b3874 0000000000000000
0x00007f49c86c1410:   0000000000000000 0000000000000000
0x00007f49c86c1420:   00000000000319c1 0000000000000001
0x00007f49c86c1430:   0000000000000000 0000000000000000
0x00007f49c86c1440:   00000000000002d8 0000000000000000
0x00007f49c86c1450:   0000000000000000 0000000000000000
0x00007f49c86c1460:   000000000102538d 0000000000044f08
0x00007f49c86c1470:   0000000000000000 0000000000000000
0x00007f49c86c1480:   00000000000319c1 0000000000000001
0x00007f49c86c1490:   0000000000000000 0000000041fe1060
0x00007f49c86c14a0:   0000000041fe4960 0000000000000000
0x00007f49c86c14b0:   0000000001ee7726 0000000000000032
0x00007f49c86c14c0:   0000000042125260 00007f49c8fe4cbe
0x00007f49c86c14d0:   0000000041fe1060 00007f49c9004097
0x00007f49c86c14e0:   00000000422acf00 0000000000000000
0x00007f49c86c14f0:   00007f49c86c1580 00007f49c8f23bb0
0x00007f49c86c1500:   00007f49c930de10 0000000042e629e0
0x00007f49c86c1510:   0000000000000000 0000000041fe1060
0x00007f49c86c1520:   0000000000000001 00007f49c9004ec9
0x00007f49c86c1530:   00000000000002a5 0000000000011170
0x00007f49c86c1540:   00000000000001a2 0000000000081650
0x00007f49c86c1550:   00000000000b3874 0000000000000000
0x00007f49c86c1560:   0000000000000000 0000000000000000
0x00007f49c86c1570:   00000000000319c1 0000000000000001
0x00007f49c86c1580:   0000000000000000 0000000000000000
0x00007f49c86c1590:   00000000000002d8 0000000000000000
0x00007f49c86c15a0:   0000000000000000 0000000000000000
0x00007f49c86c15b0:   000000000102538d 0000000000044f08
0x00007f49c86c15c0:   0000000001ee7726 0000000042124980
0x00007f49c86c15d0:   0000000000000000 00007f49c8f14c76 

Instructions: (pc=0x00007f49c8f952af)
0x00007f49c8f9529f:   00 48 8b 50 10 48 89 c6 48 85 d2 74 12 48 89 d0
0x00007f49c8f952af:   83 78 20 09 7f eb 48 8b 50 18 48 85 d2 75 ee 48 

Stack: [0x00007f49c7ec2000,0x00007f49c86c3000],  sp=0x00007f49c86c13e0,  free space=1ffc0000000000000018k
Native frames: (J=compiled Java code, j=interpreted, Vv=VM code, C=native code)
C  [libSoarKernelSML.so+0xd12af]


[error occurred during error reporting (printing target Java thread stack), id 0xb]


---------------  P R O C E S S  ---------------

VM state:not at safepoint (normal execution)

VM Mutex/Monitor currently owned by a thread:  ([mutex/lock_event])
[0x0000000041f42640] Threads_lock - owner thread: 0x0000000000000000

Heap
 PSYoungGen      total 332416K, used 282411K [0x00007f4a0c260000, 0x00007f4a20790000, 0x00007f4a207b0000)
  eden space 331968K, 84% used [0x00007f4a0c260000,0x00007f4a1d5c7248,0x00007f4a20690000)
  from space 448K, 88% used [0x00007f4a20690000,0x00007f4a206f39c8,0x00007f4a20700000)
  to   space 512K, 0% used [0x00007f4a20710000,0x00007f4a20710000,0x00007f4a20790000)
 PSOldGen        total 51584K, used 43969K [0x00007f49e37b0000, 0x00007f49e6a10000, 0x00007f4a0c260000)
  object space 51584K, 85% used [0x00007f49e37b0000,0x00007f49e62a0700,0x00007f49e6a10000)
 PSPermGen       total 62912K, used 29872K [0x00007f49de3b0000, 0x00007f49e2120000, 0x00007f49e37b0000)
  object space 62912K, 47% used [0x00007f49de3b0000,0x00007f49e00dc238,0x00007f49e2120000)

Dynamic libraries:
40000000-40009000 r-xp 00000000 08:01 3671065                            /usr/lib/jvm/java-6-sun-1.6.0.22/jre/bin/java
40108000-4010a000 rwxp 00008000 08:01 3671065                            /usr/lib/jvm/java-6-sun-1.6.0.22/jre/bin/java
41f31000-440c0000 rwxp 00000000 00:00 0                                  [heap]
7f49c201b000-7f49c211c000 rwxp 00000000 00:00 0 
7f49c211c000-7f49c211f000 ---p 00000000 00:00 0 
7f49c211f000-7f49c221d000 rwxp 00000000 00:00 0 
7f49c221d000-7f49c2220000 ---p 00000000 00:00 0 
7f49c2220000-7f49c231e000 rwxp 00000000 00:00 0 
7f49c231e000-7f49c29ad000 rwxs 00000000 00:04 6848556                    /SYSV00000000 (deleted)
7f49c29ad000-7f49c29b3000 r-xp 00000000 08:01 3671218                    /usr/lib/jvm/java-6-sun-1.6.0.22/jre/lib/amd64/libmanagement.so
7f49c29b3000-7f49c2ab2000 ---p 00006000 08:01 3671218                    /usr/lib/jvm/java-6-sun-1.6.0.22/jre/lib/amd64/libmanagement.so
7f49c2ab2000-7f49c2ab4000 rwxp 00005000 08:01 3671218                    /usr/lib/jvm/java-6-sun-1.6.0.22/jre/lib/amd64/libmanagement.so
7f49c2bb3000-7f49c2bb6000 ---p 00000000 00:00 0 
7f49c2bb6000-7f49c2cb4000 rwxp 00000000 00:00 0 
7f49c3bbf000-7f49c3bc2000 ---p 00000000 00:00 0 
7f49c3bc2000-7f49c3cc0000 rwxp 00000000 00:00 0 
7f49c3cc0000-7f49c3cc3000 ---p 00000000 00:00 0 
7f49c3cc3000-7f49c3dc1000 rwxp 00000000 00:00 0 
7f49c3dc1000-7f49c3dc4000 ---p 00000000 00:00 0 
7f49c3dc4000-7f49c3ec2000 rwxp 00000000 00:00 0 
7f49c3ec2000-7f49c3ec5000 ---p 00000000 00:00 0 
7f49c3ec5000-7f49c3fc3000 rwxp 00000000 00:00 0 
7f49c3fc3000-7f49c3fc6000 ---p 00000000 00:00 0 
7f49c3fc6000-7f49c40c4000 rwxp 00000000 00:00 0 
7f49c40c4000-7f49c40c7000 ---p 00000000 00:00 0 
7f49c40c7000-7f49c41c5000 rwxp 00000000 00:00 0 
7f49c41c5000-7f49c41c8000 ---p 00000000 00:00 0 
7f49c41c8000-7f49c42c6000 rwxp 00000000 00:00 0 
7f49c42c6000-7f49c42c9000 ---p 00000000 00:00 0 
7f49c42c9000-7f49c43c7000 rwxp 00000000 00:00 0 
7f49c43c7000-7f49c43f3000 r-xp 00000000 08:01 3671210                    /usr/lib/jvm/java-6-sun-1.6.0.22/jre/lib/amd64/libjpeg.so
7f49c43f3000-7f49c44f3000 ---p 0002c000 08:01 3671210                    /usr/lib/jvm/java-6-sun-1.6.0.22/jre/lib/amd64/libjpeg.so
7f49c44f3000-7f49c44f9000 rwxp 0002c000 08:01 3671210                    /usr/lib/jvm/java-6-sun-1.6.0.22/jre/lib/amd64/libjpeg.so
7f49c44f9000-7f49c44fc000 ---p 00000000 00:00 0 
7f49c44fc000-7f49c45fa000 rwxp 00000000 00:00 0 
7f49c461b000-7f49c461d000 r-xp 00000000 08:01 3547862                    /usr/lib/jni/libjogl_awt.so
7f49c461d000-7f49c481c000 ---p 00002000 08:01 3547862                    /usr/lib/jni/libjogl_awt.so
7f49c481c000-7f49c481d000 r-xp 00001000 08:01 3547862                    /usr/lib/jni/libjogl_awt.so
7f49c481d000-7f49c481e000 rwxp 00002000 08:01 3547862                    /usr/lib/jni/libjogl_awt.so
7f49c481e000-7f49c481f000 r-xp 00000000 08:01 3671212                    /usr/lib/jvm/java-6-sun-1.6.0.22/jre/lib/amd64/libjawt.so
7f49c481f000-7f49c491e000 ---p 00001000 08:01 3671212                    /usr/lib/jvm/java-6-sun-1.6.0.22/jre/lib/amd64/libjawt.so
7f49c491e000-7f49c491f000 rwxp 00000000 08:01 3671212                    /usr/lib/jvm/java-6-sun-1.6.0.22/jre/lib/amd64/libjawt.so
7f49c491f000-7f49c4924000 r-xp 00000000 08:01 2886491                    /usr/lib/libXxf86vm.so.1.0.0
7f49c4924000-7f49c4b23000 ---p 00005000 08:01 2886491                    /usr/lib/libXxf86vm.so.1.0.0
7f49c4b23000-7f49c4b24000 r-xp 00004000 08:01 2886491                    /usr/lib/libXxf86vm.so.1.0.0
7f49c4b24000-7f49c4b25000 rwxp 00005000 08:01 2886491                    /usr/lib/libXxf86vm.so.1.0.0
7f49c4b25000-7f49c4c20000 r-xp 00000000 08:01 3547861                    /usr/lib/jni/libjogl.so
7f49c4c20000-7f49c4e1f000 ---p 000fb000 08:01 3547861                    /usr/lib/jni/libjogl.so
7f49c4e1f000-7f49c4e20000 r-xp 000fa000 08:01 3547861                    /usr/lib/jni/libjogl.so
7f49c4e20000-7f49c4e21000 rwxp 000fb000 08:01 3547861                    /usr/lib/jni/libjogl.so
7f49c4e21000-7f49c4e22000 r-xp 00000000 08:01 3539012                    /usr/lib/nvidia-current/tls/libnvidia-tls.so.195.36.24
7f49c4e22000-7f49c4f22000 ---p 00001000 08:01 3539012                    /usr/lib/nvidia-current/tls/libnvidia-tls.so.195.36.24
7f49c4f22000-7f49c4f23000 rwxp 00001000 08:01 3539012                    /usr/lib/nvidia-current/tls/libnvidia-tls.so.195.36.24
7f49c4f23000-7f49c637b000 r-xp 00000000 08:01 3539066                    /usr/lib/nvidia-current/libGLcore.so.195.36.24
7f49c637b000-7f49c647a000 ---p 01458000 08:01 3539066                    /usr/lib/nvidia-current/libGLcore.so.195.36.24
7f49c647a000-7f49c6ba4000 rwxp 01457000 08:01 3539066                    /usr/lib/nvidia-current/libGLcore.so.195.36.24
7f49c6ba4000-7f49c6bb9000 rwxp 00000000 00:00 0 
7f49c6bb9000-7f49c6c63000 r-xp 00000000 08:01 3539065                    /usr/lib/nvidia-current/libGL.so.195.36.24
7f49c6c63000-7