#
# A fatal error has been detected by the Java Runtime Environment:
#
#  SIGSEGV (0xb) at pc=0x00007f9edea97e63, pid=14323, tid=140318657509120
#
# JRE version: 6.0_22-b04
# Java VM: Java HotSpot(TM) 64-Bit Server VM (17.1-b03 mixed mode linux-amd64 )
# Problematic frame:
# C  [libc.so.6+0x7ae63]
#
# If you would like to submit a bug report, please visit:
#   http://java.sun.com/webapps/bugreport/crash.jsp
# The crash happened outside the Java Virtual Machine in native code.
# See problematic frame for where to report the bug.
#

---------------  T H R E A D  ---------------

Current thread (0x00007f9e9082e800):  JavaThread "pool-3-thread-1" [_thread_in_native, id=14452, stack(0x00007f9e7bac7000,0x00007f9e7bbc8000)]

siginfo:si_signo=SIGSEGV: si_errno=0, si_code=1 (SEGV_MAPERR), si_addr=0x00007f9e00000008

Registers:
RAX=0x0000000000000002, RBX=0x0000000000000040, RCX=0x00007f9e7bbc5f40, RDX=0x0000000000000002
RSP=0x00007f9e7bbc5d70, RBP=0x00007f9eded9be40, RSI=0x0000000000000030, RDI=0x00007f9eded9be40
R8 =0x00000000404a38f0, R9 =0x00007f9eded9be58, R10=0x00007f9edeb4aef0, R11=0x0000000000000246
R12=0x0000000000000030, R13=0x0000000000000030, R14=0x00007f9e7bbc5f40, R15=0x00007f9e00000000
RIP=0x00007f9edea97e63, EFL=0x0000000000010206, CSGSFS=0x0000000000000033, ERR=0x0000000000000004
  TRAPNO=0x000000000000000e

Top of Stack: (sp=0x00007f9e7bbc5d70)
0x00007f9e7bbc5d70:   00000004405291e8 00007f9e7bbc5f00
0x00007f9e7bbc5d80:   0000000040520000 0000000000000000
0x00007f9e7bbc5d90:   00007f9e9082e800 00007f9e881e6a40
0x00007f9e7bbc5da0:   00007f9e9082e800 00007f9eded9be40
0x00007f9e7bbc5db0:   0000000000000030 0000000000000030
0x00007f9e7bbc5dc0:   000000004092ae80 00007f9e7bbc5f00
0x00007f9e7bbc5dd0:   00000000405291e8 00007f9edea9958e
0x00007f9e7bbc5de0:   0000000000000000 00007f9eded9be40
0x00007f9e7bbc5df0:   0000000000000030 0000000000000030
0x00007f9e7bbc5e00:   000000004092ae80 00007f9e7bbc5f40
0x00007f9e7bbc5e10:   00000000405291e8 00007f9edea9958e
0x00007f9e7bbc5e20:   000000004092ae80 00000000405291e0
0x00007f9e7bbc5e30:   0000000000000000 0000000040461360
0x00007f9e7bbc5e40:   000000004092ae80 00000000405291e0
0x00007f9e7bbc5e50:   0000000000000030 00007f9e82bee7db
0x00007f9e7bbc5e60:   000000004092ae80 00007f9e8273026d
0x00007f9e7bbc5e70:   00007f9e7bbc5f00 00000000405291e0
0x00007f9e7bbc5e80:   0000000000000001 00007f9e82981f13
0x00007f9e7bbc5e90:   00000000000000a0 000000004092ae80
0x00007f9e7bbc5ea0:   00000000405291e0 00007f9e82bee7db
0x00007f9e7bbc5eb0:   00007f9e7bbc5f40 00007f9e82bee247
0x00007f9e7bbc5ec0:   00007f9e7bbc60f0 00007f9e829821d6
0x00007f9e7bbc5ed0:   00007f9e82bee863 00000000405291c0
0x00007f9e7bbc5ee0:   00000000407e2190 00007f9eded9be40
0x00007f9e7bbc5ef0:   0000000000000008 0000000000000008
0x00007f9e7bbc5f00:   00007f9e904c4fa0 0000000000000001
0x00007f9e7bbc5f10:   00007f9e82bee247 00000000405291c0
0x00007f9e7bbc5f20:   000000004092ae80 000000004092ae80
0x00007f9e7bbc5f30:   00000000405291e8 00007f9e8297ead4
0x00007f9e7bbc5f40:   00007f9e82bee247 0000000000000000
0x00007f9e7bbc5f50:   0000000000000008 00000000404cd580
0x00007f9e7bbc5f60:   0000000040bc1e90 00000000406740e0 

Instructions: (pc=0x00007f9edea97e63)
0x00007f9edea97e53:   d0 4c 8b 7c c7 08 4c 8d 4c c7 08 4d 85