#
# A fatal error has been detected by the Java Runtime Environment:
#
#  SIGSEGV (0xb) at pc=0x00007fa75df36e63, pid=7097, tid=140355220367104
#
# JRE version: 6.0_22-b04
# Java VM: Java HotSpot(TM) 64-Bit Server VM (17.1-b03 mixed mode linux-amd64 )
# Problematic frame:
# C  [libc.so.6+0x7ae63]
#
# If you would like to submit a bug report, please visit:
#   http://java.sun.com/webapps/bugreport/crash.jsp
# The crash happened outside the Java Virtual Machine in native code.
# See problematic frame for where to report the bug.
#

---------------  T H R E A D  ---------------

Current thread (0x00007fa7103b3800):  JavaThread "pool-3-thread-1" [_thread_in_native, id=7449, stack(0x00007fa6fefd6000,0x00007fa6ff0d7000)]

siginfo:si_signo=SIGSEGV: si_errno=0, si_code=1 (SEGV_MAPERR), si_addr=0x00007fa600000008

Registers:
RAX=0x0000000000000002, RBX=0x0000000000000040, RCX=0x00007fa6ff0d46f0, RDX=0x0000000000000002
RSP=0x00007fa6ff0d4520, RBP=0x00007fa6f8000020, RSI=0x0000000000000030, RDI=0x00007fa6f8000020
R8 =0x00007fa6ff0d4750, R9 =0x00007fa6f8000038, R10=0x00007fa7590ff4d5, R11=0x00007fa7548fb6b8
R12=0x0000000000000030, R13=0x0000000000000030, R14=0x00007fa6ff0d46f0, R15=0x00007fa600000000
RIP=0x00007fa75df36e63, EFL=0x0000000000010206, CSGSFS=0x0000000000000033, ERR=0x0000000000000004
  TRAPNO=0x000000000000000e

Top of Stack: (sp=0x00007fa6ff0d4520)
0x00007fa6ff0d4520:   00007fa6ff0d4767 00007fa6ff0d4750
0x00007fa6ff0d4530:   00007fa6ff0d4767 0000000000000000
0x00007fa6ff0d4540:   0000000000000000 00007fa6f8000020
0x00007fa6ff0d4550:   0000000000000030 0000000000000030
0x00007fa6ff0d4560:   00007fa6f8706398 00007fa6ff0d46f0
0x00007fa6ff0d4570:   00007fa6f8706398 00007fa75df3858e
0x00007fa6ff0d4580:   00007fa6f807b6f0 00007fa705e71f3d
0x00007fa6ff0d4590:   00007fa6f8002530 00007fa6f8000020
0x00007fa6ff0d45a0:   0000000000000030 0000000000000030
0x00007fa6ff0d45b0:   00007fa6f91a8160 00007fa6ff0d46f0
0x00007fa6ff0d45c0:   00007fa6f8706398 00007fa75df3858e
0x00007fa6ff0d45d0:   0000000000000001 00007fa6f91a8160
0x00007fa6ff0d45e0:   00007fa6f8706398 00007fa705e71f3d
0x00007fa6ff0d45f0:   00007fa6ff0d4840 00007fa6f8706390
0x00007fa6ff0d4600:   0000000000000030 00007fa7060df4a2
0x00007fa6ff0d4610:   00007fa6f91a8160 00007fa705c2026d
0x00007fa6ff0d4620:   00007fa7103b3800 00007fa6f8706390
0x00007fa6ff0d4630:   0000000000000001 00007fa705e71f13
0x00007fa6ff0d4640:   ffffffffffda679d 00007fa6f91a8160
0x00007fa6ff0d4650:   00007fa6f8706390 00007fa7060df4a2
0x00007fa6ff0d4660:   00007fa6ff0d46f0 00007fa7060de96e
0x00007fa6ff0d4670:   00007fa6f8706398 00007fa705e721d6
0x00007fa6ff0d4680:   0000000000000000 00007fa6f87063f8
0x00007fa6ff0d4690:   00007fa6f8ed8750 00007fa6f8000020
0x00007fa6ff0d46a0:   0000000000000009 0000000000000009
0x00007fa6ff0d46b0:   ffffffffffda679d 00007fa6ff0d47f0
0x00007fa6ff0d46c0:   00007fa7060de96e 00007fa6f91a8160
0x00007fa6ff0d46d0:   00007fa6f8706370 00007fa7060de979
0x00007fa6ff0d46e0:   00007fa6f91a8160 00007fa705e6e43d
0x00007fa6ff0d46f0:   00007fa7060de96e 0000000000000000
0x00007fa6ff0d4700:   0000000000000009 00007fa710bbcfb0
0x00007fa6ff0d4710:   00007fa6f8c12e70 00007fa6ff0d4750 

Instructions: (pc=0x00007fa75df36e63)
0x00007fa75df36e53:   d0 4c 8b 7c c7 08 4c 8d 4c c7 08 4d 85 ff 74 6d
0x00007fa75df36e63:   49 8b 47 08 c1 e8 04 83 e8 02 39 c2 0f 85 53 0a 

Stack: [0x00007fa6fefd6000,0x00007fa6ff0d7000],  sp=0x00007fa6ff0d4520,  free space=3f90000000000000018k
Native frames: (J=compiled Java code, j=interpreted, Vv=VM code, C=native code)
C  [libc.so.6+0x7ae63]

Java frames: (J=compiled Java code, j=interpreted, Vv=VM code)
J  sml.smlJNI.WMElement_DestroyWME(JLsml/WMElement;)Z
J  sml.WMElement.DestroyWME()Z
J  edu.umich.robot.soar.PointWithDistanceIL.destroyChildren()V
J  edu.umich.robot.soar.ObjectIL.update()V
J  edu.umich.robot.soar.ObjectsIL.update()V
J  edu.umich.robot.soar.InputLink.update()V
J  edu.umich.robot.soar.Soar$3.updateEventHandler(ILjava/lang/Object;Lsml/Kernel;I)V
v  ~StubRoutines::call_stub
j  sml.smlJNI.Kernel_RunAllAgentsForever__SWIG_1(JLsml/Kernel;)Ljava/lang/String;+0
j  sml.Kernel.RunAllAgentsForever()Ljava/lang/String;+5
j  edu.umich.robot.soar.Soar$4.run()V+7
j  java.util.concurrent.Executors$RunnableAdapter.call()Ljava/lang/Object;+4
j  java.util.concurrent.FutureTask$Sync.innerRun()V+30
j  java.util.concurrent.FutureTask.run()V+4
j  java.util.concurrent.ThreadPoolExecutor$Worker.runTask(Ljava/lang/Runnable;)V+59
J  java.util.concurrent.ThreadPoolExecutor$Worker.run()V
j  java.lang.Thread.run()V+11
v  ~StubRoutines::call_stub

---------------  P R O C E S S  ---------------

Java Threads: ( => current thread )
  0x00007fa7105eb000 JavaThread "Thread-15" [_thread_new, id=7648, stack(0x00007fa6fe40b000,0x00007fa6fe50c000)]
  0x00000000425f2800 JavaThread "Thread-18" [_thread_in_Java, id=7647, stack(0x00007fa6febd2000,0x00007fa6fecd3000)]
  0x00000000434ea800 JavaThread "Thread-0" [_thread_in_Java, id=7646, stack(0x00007fa6fecd3000,0x00007fa6fedd4000)]
  0x00000000429e5000 JavaThread "Thread-3" [_thread_blocked, id=7645, stack(0x00007fa6fedd4000,0x00007fa6feed5000)]
  0x0000000042d8f000 JavaThread "Thread-6" [_thread_blocked, id=7644, stack(0x00007fa6feed5000,0x00007fa6fefd6000)]
  0x0000000041e9e000 JavaThread "SIGTERM handler" daemon [_thread_in_vm, id=7643, stack(0x00007fa7153cb000,0x00007fa7154cc000)]
=>0x00007fa7103b3800 JavaThread "pool-3-thread-1" [_thread_in_native, id=7449, stack(0x00007fa6fefd6000,0x00007fa6ff0d7000)]
  0x00007fa71163b000 JavaThread "pool-14-thread-1" daemon [_thread_blocked, id=7429, stack(0x00007fa70814f000,0x00007fa708250000)]
  0x00007fa7104e0000 JavaThread "pool-13-thread-1" [_thread_blocked, id=7158, stack(0x00007fa7002e3000,0x00007fa7003e4000)]
  0x00007fa7104dd000 JavaThread "pool-12-thread-1" [_thread_blocked, id=7157, stack(0x00007fa7003e4000,0x00007fa7004e5000)]
  0x00007fa7104d0000 JavaThread "pool-11-thread-1" [_thread_blocked, id=7156, stack(0x00007fa7004e5000,0x00007fa7005e6000)]
  0x00007fa7104d1800 JavaThread "pool-10-thread-1" [_thread_blocked, id=7155, stack(0x00007fa7005e6000,0x00007fa7006e7000)]
  0x00007fa7104d2800 JavaThread "pool-7-thread-1" daemon [_thread_blocked, id=7154, stack(0x00007fa7006e7000,0x00007fa7007e8000)]
  0x00007fa7104cb000 JavaThread "pool-9-thread-1" daemon [_thread_blocked, id=7153, stack(0x00007fa7007e8000,0x00007fa7008e9000)]
  0x0000000042549000 JavaThread "pool-8-thread-1" daemon [_thread_blocked, id=7152, stack(0x00007fa7008e9000,0x00007fa7009ea000)]
  0x00007fa71045b800 JavaThread "Thread-14" [_thread_blocked, id=7151, stack(0x00007fa700b1c000,0x00007fa700c1d000)]
  0x00007fa71028a000 JavaThread "Timer-3" daemon [_thread_blocked, id=7149, stack(0x00007fa7033db000,0x00007fa7034dc000)]
  0x00007fa7103cf000 JavaThread "Timer-2" daemon [_thread_blocked, id=7148, stack(0x00007fa7036de000,0x00007fa7037df000)]
  0x0000000042447800 JavaThread "Thread-11" [_thread_in_native, id=7147, stack(0x00007fa7037df000,0x00007fa7038e0000)]
  0x00007fa71027e000 JavaThread "pool-6-thread-1" daemon [_thread_blocked, id=7145, stack(0x00007fa7038e0000,0x00007fa7039e1000)]
  0x00007fa7103c5000 JavaThread "pool-5-thread-1" daemon [_thread_blocked, id=7144, stack(0x00007fa7039e1000,0x00007fa703ae2000)]
  0x00007fa71036a000 JavaThread "Thread-8" daemon [_thread_in_native, id=7143, stack(0x00007fa703ae2000,0x00007fa703be3000)]
  0x00007fa7103fd000 JavaThread "Timer-1" daemon [_thread_blocked, id=7142, stack(0x00007fa703be3000,0x00007fa703ce4000)]
  0x00007fa710341000 JavaThread "pool-4-thread-1" daemon [_thread_blocked, id=7138, stack(0x00007fa7062fa000,0x00007fa7063fb000)]
  0x00007fa71036f000 JavaThread "Thread-5" daemon [_thread_blocked, id=7137, stack(0x00007fa707f4d000,0x00007fa70804e000)]
  0x0000000042444800 JavaThread "TimerQueue" daemon [_thread_blocked, id=7135, stack(0x00007fa70804e000,0x00007fa70814f000)]
  0x0000000042310000 JavaThread "Timer-0" daemon [_thread_blocked, id=7129, stack(0x00007fa708250000,0x00007fa708351000)]
  0x0000000041e34800 JavaThread "DestroyJavaVM" [_thread_blocked, id=7103, stack(0x00007fa75d090000,0x00007fa75d191000)]
  0x0000000042304000 JavaThread "AWT-EventQueue-0" [_thread_blocked, id=7128, stack(0x00007fa708351000,0x00007fa708452000)]
  0x0000000042302800 JavaThread "AWT-Shutdown" [_thread_blocked, id=7127, stack(0x00007fa708452000,0x00007fa708553000)]
  0x00000000420b3000 JavaThread "AWT-XAWT" daemon [_thread_in_native, id=7126, stack(0x00007fa70f23c000,0x00007fa70f33d000)]
  0x000000004209b800 JavaThread "Java2D Disposer" daemon [_thread_blocked, id=7125, stack(0x00007fa70f957000,0x00007fa70fa58000)]
  0x00007fa710036800 JavaThread "Low Memory Detector" daemon [_thread_blocked, id=7123, stack(0x00007fa7150c8000,0x00007fa7151c9000)]
  0x00007fa710034000 JavaThread "CompilerThread1" daemon [_thread_blocked, id=7122, stack(0x00007fa7151c9000,0x00007fa7152ca000)]
  0x00007fa710031000 JavaThread "CompilerThread0" daemon [_thread_blocked, id=7121, stack(0x00007fa7152ca000,0x00007fa7153cb000)]
  0x00007fa71002e800 JavaThread "JDWP Event Helper Thread" daemon [_thread_in_vm, id=7116, stack(0x00007fa7154cc000,0x00007fa7155cd000)]
  0x00007fa71002b000 JavaThread "JDWP Transport Listener: dt_socket" daemon [_thread_in_native, id=7114, stack(0x00007fa7155cd000,0x00007fa7156ce000)]
  0x00007fa71001f000 JavaThread "Signal Dispatcher" daemon [_thread_blocked, id=7112, stack(0x00007fa7157d2000,0x00007fa7158d3000)]
  0x00007fa710001000 JavaThread "Finalizer" daemon [_thread_blocked, id=7111, stack(0x00007fa7158d3000,0x00007fa7159d4000)]
  0x0000000041e96000 JavaThread "Reference Handler" daemon [_thread_blocked, id=7110, stack(0x00007fa7159d4000,0x00007fa715ad5000)]

Other Threads:
  0x0000000041e91800 VMThread [stack: 0x00007fa715ad5000,0x00007fa715bd6000] [id=7109]
  0x00007fa710039800 WatcherThread [stack: 0x00007fa714fc7000,0x00007fa7150c8000] [id=7124]

VM state:not at safepoint (normal execution)

VM Mutex/Monitor currently owned by a thread:  ([mutex/lock_event])
[0x0000000041e31640] Threads_lock - owner thread: 0x0000000041e9e000

Heap
 PSYoungGen      total 331904K, used 279019K [0x00007fa744880000, 0x00007fa758dd0000, 0x00007fa758dd0000)
  eden space 330688K, 84% used [0x00007fa744880000,0x00007fa7557df918,0x00007fa758b70000)
  from space 1216K, 97% used [0x00007fa758ca0000,0x00007fa758dc9cf0,0x00007fa758dd0000)
  to   space 1216K, 0% used [0x00007fa758b70000,0x00007fa758b70000,0x00007fa758ca0000)
 PSOldGen        total 85248K, used 35965K [0x00007fa71bdd0000, 0x00007fa721110000, 0x00007fa744880000)
  object space 85248K, 42% used [0x00007fa71bdd0000,0x00007fa71e0ef6a0,0x00007fa721110000)
 PSPermGen       total 62656K, used 30054K [0x00007fa7169d0000, 0x00007fa71a700000, 0x00007fa71bdd0000)
  object space 62656K, 47% used [0x00007fa7169d0000,0x00007fa718729800,0x00007fa71a700000)

Dynamic libraries:
40000000-40009000 r-xp 00000000 08:01 3671065                            /usr/lib/jvm/java-6-sun-1.6.0.22/jre/bin/java
40108000-4010a000 rwxp 00008000 08:01 3671065                            /usr/lib/jvm/java-6-sun-1.6.0.22/jre/bin/java
41e20000-44792000 rwxp 00000000 00:00 0                                  [heap]
7fa6f8000000-7fa6f95e0000 rwxp 00000000 00:00 0 
7fa6f95e0000-7fa6fc000000 ---p 00000000 00:00 0 
7fa6fe007000-7fa6fe108000 rwxp 00000000 00:00 0 
7fa6fe108000-7fa6fe10b000 ---p 00000000 00:00 0 
7fa6fe10b000-7fa6fe209000 rwxp 00000000 00:00 0 
7fa6fe209000-7fa6fe20c000 ---p 00000000 00:00 0 
7fa6fe20c000-7fa6fe30a000 rwxp 00000000 00:00 0 
7fa6fe30a000-7fa6fe30d000 ---p 00000000 00:00 0 
7fa6fe30d000-7fa6fe40b000 rwxp 00000000 00:00 0 
7fa6fe40b000-7fa6fe40e000 ---p 00000000 00:00 0 
7fa6fe40e000-7fa6fe50c000 rwxp 00000000 00:00 0 
7fa6fe50c000-7fa6feb9b000 rwxs 00000000 00:04 17367073                   /SYSV00000000 (deleted)
7fa6febd2000-7fa6febd5000 ---p 00000000 00:00 0 
7fa6febd5000-7fa6fecd3000 rwxp 00000000 00:00 0 
7fa6fecd3000-7fa6fecd6000 ---p 00000000 00:00 0 
7fa6fecd6000-7fa6fedd4000 rwxp 00000000 00:00 0 
7fa6fedd4000-7fa6fedd7000 ---p 00000000 00:00 0 
7fa6fedd7000-7fa6feed5000 rwxp 00000000 00:00 0 
7fa6feed5000-7fa6feed8000 ---p 00000000 00:00 0 
7fa6feed8000-7fa6fefd6000 rwxp 00000000 00:00 0 
7fa6fefd6000-7fa6fefd9000 ---p 00000000 00:00 0 
7fa6fefd9000-7fa6ff0d7000 rwxp 00000000 00:00 0 
7fa6ff2d7000-7fa700132000 rwxs c0000000 00:05 4790                       /dev/nvidia0
7fa7001dc000-7fa7001e2000 r-xp 00000000 08:01 3671218                    /usr/lib/jvm/java-6-sun-1.6.0.22/jre/lib/amd64/libmanagement.so
7fa7001e2000-7fa7002e1000 ---p 00006000 08:01 3671218                    /usr/lib/jvm/java-6-sun-1.6.0.22/jre/lib/amd64/libmanagement.so
7fa7002e1000-7fa7002e3000 rwxp 00005000 08:01 3671218                    /usr/lib/jvm/java-6-sun-1.6.0.22/jre/lib/amd64/libmanagement.so
7fa7002e3000-7fa7002e6000 ---p 00000000 00:00 0 
7fa7002e6000-7fa7003e4000 rwxp 00000000 00:00 0 
7fa7003e4000-7fa7003e7000 ---p 00000000 00:00 0 
7fa7003e7000-7fa7004e5000 rwxp 00000000 00:00 0 
7fa7004e5000-7fa7004e8000 ---p 00000000 00:00 0 
7fa7004e8000-7fa7005e6000 rwxp 00000000 00:00 0 
7fa7005e6000-7fa7005e9000 ---p 00000000 00:00 0 
7fa7005e9000-7fa7006e7000 rwxp 00000000 00:00 0 
7fa7006e7000-7fa7006ea000 ---p 00000000 00:00 0 
7fa7006ea000-7fa7007e8000 rwxp 00000000 00:00 0 
7fa7007e8000-7fa7007eb000 ---p 00000000 00:00 0 
7fa7007eb000-7fa7008e9000 rwxp 00000000 00:00 0 
7fa7008e9000-7fa7008ec000 ---p 00000000 00:00 0 
7fa7008ec000-7fa7009ea000 rwxp 00000000 00:00 0 
7fa7009ea000-7fa700a16000 r-xp 00000000 08:01 3671210                    /usr/lib/jvm/java-6-sun-1.6.0.22/jre/lib/amd64/libjpeg.so
7fa700a16000-7fa700b16000 ---p 0002c000 08:01 3671210                    /usr/lib/jvm/java-6-sun-1.6.0.22/jre/lib/amd64/libjpeg.so
7fa700b16000-7fa700b1c000 rwxp 0002c000 08:01 3671210                    /usr/lib/jvm/java-6-sun-1.6.0.22/jre/lib/amd64/libjpeg.so
7fa700b1c000-7fa700b1f000 ---p 00000000 00:00 0 
7fa700b1f000-7fa700c1d000 rwxp 00000000 00:00 0 
7fa700c1d000-7fa700c3e000 rwxs 00000000 00:04 12648449                   /SYSV00000000 (deleted)
7fa700c3e000-7fa700c40000 r-xp 00000000 08:01 3547862                    /usr/lib/jni/libjogl_awt.so
7fa700c40000-7fa700e3f000 ---p 00002000 08:01 3547862                    /usr/lib/jni/libjogl_awt.so
7fa700e3f000-7fa700e40000 r-xp 00001000 08:01 3547862                    /usr/lib/jni/libjogl_awt.so
7fa700e40000-7fa700e41000 rwxp 00002000 08:01 3547862                    /usr/lib/jni/libjogl_awt.so
7fa700e41000-7fa700e42000 r-xp 00000000 08:01 3671212                    /usr/lib/jvm/java-6-sun-1.6.0.22/jre/lib/amd64/libjawt.so
7fa700e42000-7fa700f41000 ---p 00001000 08:01 3671212                    /usr/lib/jvm/java-6-sun-1.6.0.22/jre/lib/amd64/libjawt.so
7fa700f41000-7fa700f42000 rwxp 00000000 08:01 3671212                    /usr/lib/jvm/java-6-sun-1.6.0.22/jre/lib/amd64/libjawt.so
7fa700f42000-7fa700f47000 r-xp 00000000 08:01 2886491                    /usr/lib/libXxf86vm.so.1.0.0
7fa700f47000-7fa701146000 ---p 00005000 08:01 2886491                    /usr/lib/libXxf86vm.so.1.0.0
7fa701146000-7fa701147000 r-xp 00004000 08:01 2886491                    /usr/lib/libXxf86vm.so.1.0.0
7fa701147000-7fa701148000 rwxp 00005000 08:01 2886491                    /usr/lib/libXxf86vm.so.1.0.0
7fa701148000-7fa701243000 r-xp 00000000 08:01 3547861                    /usr/lib/jni/libjogl.so
7fa701243000-7fa701442000 ---p 000fb000 08:01 3547861                    /usr/lib/jni/libjogl.so
7fa701442000-7fa701443000 r-xp 000fa000 08:01 3547861                    /usr/lib/jni/libjogl.so
7fa701443000-7fa701444000 rwxp 000fb000 08:01 3547861                    /usr/lib/jni/libjogl.so
7fa701444000-7fa701445000 r-xp 00000000 08:01 3539012                    /usr/lib/nvidia-current/tls/libnvidia-tls.so.195.36.24
7fa701445000-7fa701545000 ---p 00001000 08:01 3539012                    /usr/lib/nvidia-current/tls/libnvidia-tls.so.195.36.24
7fa701545000-7fa701546000 rwxp 00001000 08:01 3539012                    /usr/lib/nvidia-current/tls/libnvidia-tls.so.195.36.24
7fa701546000-7fa70299e000 r-xp 00000000 08:01 3539066                    /usr/lib/nvidia-current/libGLcore.so.195.36.24
7fa70299e000-7fa702a9d000 ---p 01458000 08:01 3539066                    /usr/lib/nvidia-current/libGLcore.so.195.36.24
7fa702a9d000-7fa7031c7000 rwxp 01457000 08:01 3539066                    /usr/lib/nvidia-current/libGLcore.so.195.36.24
7fa7031c7000-7fa7031dc000 rwxp 00000000 00:00 0 
7fa7031dc000-7fa703286000 r-xp 00000000 08:01 3539065                    /usr/lib/nvidia-current/libGL.so.195.36.24
7fa703286000-7fa703385000 ---p 000aa000 08:01 3539065                    /usr/lib/nvidia-current/libGL.so.195.36.24
7fa703385000-7fa7033c6000 rwxp 000a9000 08:01 3539065                    /usr/lib/nvidia-current/libGL.so.195.36.24
7fa7033c6000-7fa7033db000 rwxp 00000000 00:00 0 
7fa7033db000-7fa7033de000 ---p 00000000 00:00 0 
7fa7033de000-7fa7034dc000 rwxp 00000000 00:00 0 
7fa7034dc000-7fa7034dd000 r-xp 00000000 08:01 3547863                    /usr/lib/jni/libgluegen-rt.so
7fa7034dd000-7fa7036dc000 ---p 00001000 08:01 3547863                    /usr/lib/jni/libgluegen-rt.so
7fa7036dc000-7fa7036dd000 r-xp 00000000 08:01 3547863                    /usr/lib/jni/libgluegen-rt.so
7fa7036dd000-7fa7036de000 rwxp 00001000 08:01 3547863                    /usr/lib/jni/libgluegen-rt.so
7fa7036de000-7fa7036e1000 ---p 00000000 00:00 0 
7fa7036e1000-7fa7037df000 rwxp 00000000 00:00 0 
7fa7037df000-7fa7037e2000 ---p 00000000 00:00 0 
7fa7037e2000-7fa7038e0000 rwxp 00000000 00:00 0 
7fa7038e0000-7fa7038e3000 ---p 00000000 00:00 0 
7fa7038e3000-7fa7039e1000 rwxp 00000000 00:00 0 
7fa7039e1000-7fa7039e4000 ---p 00000000 00:00 0 
7fa7039e4000-7fa703ae2000 rwxp 00000000 00:00 0 
7fa703ae2000-7fa703ae5000 ---p 00000000 00:00 0 
7fa703ae5000-7fa703be3000 rwxp 00000000 00:00 0 
7fa703be3000-7fa703be6000 ---p 00000000 00:00 0 
7fa703be6000-7fa703ce4000 rwxp 00000000 00:00 0 
7fa703ce4000-7fa703ce5000 ---p 00000000 00:00 0 
7fa703ce5000-7fa7044e5000 rwxp 00000000 00:00 0 
7fa7044e5000-7fa7044e6000 ---p 00000000 00:00 0 
7fa7044e6000-7fa704ce6000 rwxp 00000000 00:00 0 
7fa704ce6000-7fa704ce7000 ---p 00000000 00:00 0 
7fa704ce7000-7fa7054e7000 rwxp 00000000 00:00 0 
7fa7054e7000-7fa70572a000 r-xp 00000000 08:01 7606701                    /home/kevin/sandbox/lib/libSoarKernelSML.so
7fa70572a000-7fa70592a000 ---p 00243000 08:01 7606701                    /home/kevin/sandbox/lib/libSoarKernelSML.so
7fa70592a000-7fa705935000 r-xp 00243000 08:01 7606701                    /home/kevin/sandbox/lib/libSoarKernelSML.so
7fa705935000-7fa70593a000 rwxp 0024e000 08:01 7606701                    /home/kevin/sandbox/lib/libSoarKernelSML.so
7fa70593a000-7fa70593e000 rwxp 00000000 00:00 0 
7fa70593e000-7fa705954000 r-xp 00000000 08:01 5505106                    /lib/libgcc_s.so.1
7fa705954000-7fa705b53000 ---p 00016000 08:01 5505106                    /lib/libgcc_s.so.1
7fa705b53000-7fa705b54000 r-xp 00015000 08:01 5505106                    /lib/libgcc_s.so.1
7fa705b54000-7fa705b55000 rwxp 00016000 08:01 5505106                    /lib/libgcc_s.so.1
7fa705b55000-7fa705c4b000 r-xp 00000000 08:01 2887343                    /usr/lib/libstdc++.so.6.0.13
7fa705c4b000-7fa705e4b000 ---p 000f6000 08:01 2887343                    /usr/lib/libstdc++.so.6.0.13
7fa705e4b000-7fa705e52000 r-xp 000f6000 08:01 2887343                    /usr/lib/libstdc++.so.6.0.13
7fa705e52000-7fa705e54000 rwxp 000fd000 08:01 2887343                    /usr/lib/libstdc++.so.6.0.13
7fa705e54000-7fa705e69000 rwxp 00000000 00:00 0 
7fa705e69000-7fa705e75000 r-xp 00000000 08:01 7606622                    /home/kevin/sandbox/lib/libElementXML.so
7fa705e75000-7fa706074000 ---p 0000c000 08:01 7606622                    /home/kevin/sandbox/lib/libElementXML.so
7fa706074000-7fa706075000 r-xp 0000b000 08:01 7606622                    /home/kevin/sandbox/lib/libElementXML.so
7fa706075000-7fa706076000 rwxp 0000c000 08:01 7606622                    /home/kevin/sandbox/lib/libElementXML.so
7fa706076000-7fa7060f5000 r-xp 00000000 08:01 7606804                    /home/kevin/sandbox/lib/libJava_sml_ClientInterface.so
7fa7060f5000-7fa7062f5000 ---p 0007f000 08:01 7606804                    /home/kevin/sandbox/lib/libJava_sml_ClientInterface.so
7fa7062f5000-7fa7062f9000 r-xp 0007f000 08:01 7606804                    /home/kevin/sandbox/lib/libJava_sml_ClientInterface.so
7fa7062f9000-7fa7062fa000 rwxp 00083000 08:01 7606804                    /home/kevin/sandbox/lib/libJava_sml_ClientInterface.so
7fa7062fa000-7fa7062fd000 ---p 00000000 00:00 0 
7fa7062fd000-7fa7063fb000 rwxp 00000000 00:00 0 
7fa7064a9000-7fa706509000 rwxs 00000000 00:04 17268768                   /SYSV00000000 (deleted)
7fa706509000-7fa706519000 r-xp 00000000 08:01 5509298                    /lib/libbz2.so.1.0.4
7fa706519000-7fa706718000 ---p 00010000 08:01 5509298                    /lib/libbz2.so.1.0.4
7fa706718000-7fa706719000 r-xp 0000f000 08:01 5509298                    /lib/libbz2.so.1.0.4
7fa706719000-7fa70671a000 rwxp 00010000 08:01 5509298                    /lib/libbz2.so.1.0.4
7fa70671a000-7fa706860000 r-xp 00000000 08:01 2885728                    /usr/lib/libxml2.so.2.7.6
7fa706860000-7fa706a5f000 ---p 00146000 08:01 2885728                    /usr/lib/libxml2.so.2.7.6
7fa706a5f000-7fa706a67000 r-xp 00145000 08:01 2885728                    /usr/lib/libxml2.so.2.7.6
7fa706a67000-7fa706a69000 rwxp 0014d000 08:01 2885728                    /usr/lib/libxml2.so.2.7.6
7fa706a69000-7fa706a6a000 rwxp 00000000 00:00 0 
7fa706a6a000-7fa706aa0000 r-xp 00000000 08:01 2886617                    /usr/lib/libcroco-0.6.so.3.0.1
7fa706aa0000-7fa706c9f000 ---p 00036000 08:01 2886617                    /usr/lib/libcroco-0.6.so.3.0.1
7fa706c9f000-7fa706ca0000 r-xp 00035000 08:01 2886617                    /usr/lib/libcroco-0.6.so.3.0.1
7fa706ca0000-7fa706ca3000 rwxp 00036000 08:01 2886617                    /usr/lib/libcroco-0.6.so.3.0.1
7fa706ca3000-7fa706cdd000 r-xp 00000000 08:01 2886879                    /usr/lib/libgsf-1.so.114.0.16
7fa706cdd000-7fa706edc000 ---p 0003a000 08:01 2886879                    /usr/lib/libgsf-1.so.114.0.16
7fa706edc000-7fa706edf000 r-xp 00039000 08:01 2886879                    /usr/lib/libgsf-1.so.114.0.16
7fa706edf000-7fa706ee0000 rwxp 0003c000 08:01 2886879                    /usr/lib/libgsf-1.so.114.0.16
7fa706ee0000-7fa706ee2000 rwxp 00000000 00:00 0 
7fa706ee2000-7fa706f17000 r-xp 00000000 08:01 2884044                    /usr/lib/librs