#
# A fatal error has been detected by the Java Runtime Environment:
#
#  SIGSEGV (0xb) at pc=0x00007f1698cb473a, pid=7758, tid=139733813749504
#
# JRE version: 6.0_22-b04
# Java VM: Java HotSpot(TM) 64-Bit Server VM (17.1-b03 mixed mode linux-amd64 )
# Problematic frame:
# C  [libc.so.6+0x7773a]
#
# If you would like to submit a bug report, please visit:
#   http://java.sun.com/webapps/bugreport/crash.jsp
# The crash happened outside the Java Virtual Machine in native code.
# See problematic frame for where to report the bug.
#

---------------  T H R E A D  ---------------

Current thread (0x0000000040cb1000):  JavaThread "JDWP Transport Listener: dt_socket" daemon [_thread_in_native, id=7774, stack(0x00007f165044e000,0x00007f165054f000)]

siginfo:si_signo=SIGSEGV: si_errno=0, si_code=1 (SEGV_MAPERR), si_addr=0x00007f1600000009

Registers:
RAX=0x00007f1600000001, RBX=0x00007f1600000001, RCX=0x0000000000000041, RDX=0x00007f164cb506b0
RSP=0x00007f165054d250, RBP=0x0000000000000040, RSI=0x0000000000000000, RDI=0x00007f164c000020
R8 =0x00007f164c000020, R9 =0x00007f164c000038, R10=0x00007f164c000070, R11=0x00007f163cde1a30
R12=0x00007f164c74ea10, R13=0x0000000000000080, R14=0x00007f164c000078, R15=0x00007f164ceac5a0
RIP=0x00007f1698cb473a, EFL=0x0000000000010202, CSGSFS=0x0000000000000033, ERR=0x0000000000000004
  TRAPNO=0x000000000000000e

Top of Stack: (sp=0x00007f165054d250)
0x00007f165054d250:   0000000000000000 00007f164c652980
0x00007f165054d260:   00007f1600000005 0000000000000000
0x00007f165054d270:   00007f1600000001 00007f164c60d720
0x00007f165054d280:   00007f1652caeb68 00007f164c794720
0x00007f165054d290:   0000000000012320 00007f164c7a6a40
0x00007f165054d2a0:   00007f164c000020 0000000000002010
0x00007f165054d2b0:   00007f163de2f880 00007f1698cb7460
0x00007f165054d2c0:   00007f1698aedcb0 00007f163bdb6974
0x00007f165054d2d0:   00007f165054d6c0 00007f1600000007
0x00007f165054d2e0:   00007f165054d300 00007f16988bd1ff
0x00007f165054d2f0:   00007f165054d6c0 0000000000000003
0x00007f165054d300:   00007f165054d5d0 00007f164c000020
0x00007f165054d310:   00000000417e9000 00007f163de2fa20
0x00007f165054d320:   0000000000000000 00007f163de1b660
0x00007f165054d330:   00007f163de2f880 00007f1698cbae83
0x00007f165054d340:   00007f1698fbbe40 00007f163de79417
0x00007f165054d350:   00000000002fb538 00007f164c6c7800
0x00007f165054d360:   00007f164cb95250 00007f163c9f5f7d
0x00007f165054d370:   00000000417e9000 00000000417e9000
0x00007f165054d380:   00007f163de2fe20 00007f163ca18eca
0x00007f165054d390:   00007f164c6c7800 00007f163cdd1ba8
0x00007f165054d3a0:   0000000000001e4e 00007f163d1243f0
0x00007f165054d3b0:   00007f164cb947f0 00007f163de2f868
0x00007f165054d3c0:   0000000000000000 00007f163d12456d
0x00007f165054d3d0:   00007f163de2fa20 00007f163d12449c
0x00007f165054d3e0:   5054e70000000000 00007f163d1243f0
0x00007f165054d3f0:   00007f163de2fa20 0000000000000000
0x00007f165054d400:   00007f163e02ff40 00007f163e02f200
0x00007f165054d410:   0000000000000036 00007f163deb84a9
0x00007f165054d420:   0000000000000068 00007f165054d810
0x00007f165054d430:   0000000000000000 00007f1699601048
0x00007f165054d440:   00007f164c653240 00007f16993f03ec 

Instructions: (pc=0x00007f1698cb473a)
0x00007f1698cb472a:   48 89 4b 08 48 85 c0 48 89 c3 0f 84 86 00 00 00
0x00007f1698cb473a:   48 8b 53 08 48 8b 43 10 48 89 d5 48 83 e5 fa 4c 

Stack: [0x00007f165044e000,0x00007f165054f000],  sp=0x00007f165054d250,  free space=3fc0000000000000018k
Native frames: (J=compiled Java code, j=interpreted, Vv=VM code, C=native code)
C  [libc.so.6+0x7773a]

[error occurred during error reporting (printing native stack), id 0xb]


---------------  P R O C E S S  ---------------

Java Threads: ( => current thread )
  0x00007f1638de0800 JavaThread "pool-3-thread-1" [_thread_in_native, id=7862, stack(0x00007f1642d72000,0x00007f1642e73000)]
  0x000000004102d000 JavaThread "pool-14-thread-1" daemon [_thread_blocked, id=7820, stack(0x00007f1642e73000,0x00007f1642f74000)]
  0x0000000040ed7000