#
# A fatal error has been detected by the Java Runtime Environment:
#
#  SIGSEGV (0xb) at pc=0x00007f1895f34dc4, pid=25763, tid=139743673505536
#
# JRE version: 6.0_22-b04
# Java VM: Java HotSpot(TM) 64-Bit Server VM (17.1-b03 mixed mode linux-amd64 )
# Problematic frame:
# C  [libGLcore.so.1+0xd6adc4]
#
# If you would like to submit a bug report, please visit:
#   http://java.sun.com/webapps/bugreport/crash.jsp
# The crash happened outside the Java Virtual Machine in native code.
# See problematic frame for where to report the bug.
#

---------------  T H R E A D  ---------------

Current thread (0x00007f18a8504000):  JavaThread "AWT-EventQueue-0" [_thread_in_native, id=25794, stack(0x00007f189bf4d000,0x00007f189c04e000)]

siginfo:si_signo=SIGSEGV: si_errno=0, si_code=1 (SEGV_MAPERR), si_addr=0x00000000409fa2d0

Registers:
RAX=0x0000000000000001, RBX=0x00007f18a88abb00, RCX=0x00007f18f60d0464, RDX=0x00007f1896cb6160
RSP=0x00007f189c04bbb0, RBP=0x00007f18a88abb00, RSI=0x0000000000000080, RDI=0x00007f18970494a0
R8 =0x00007f18970494a0, R9 =0x00000000000064c2, R10=0x0000000000000000, R11=0x0000000000000202
R12=0x00000000409b3000, R13=0x00000000409e3fb8, R14=0x0000000002d03100, R15=0x0000000000000048
RIP=0x00007f1895f34dc4, EFL=0x0000000000010246, CSGSFS=0x0000000000000033, ERR=0x0000000000000004
  TRAPNO=0x000000000000000e

Top of Stack: (sp=0x00007f189c04bbb0)
0x00007f189c04bbb0:   00007f189c04bc70 00007f1800000100
0x00007f189c04bbc0:   00000000409b3000 00007f1895b19d00
0x00007f189c04bbd0:   00000000409b3000 3f8000009c04bca0
0x00007f189c04bbe0:   00007f18b0091e38 00000000409b3000
0x00007f189c04bbf0:   00000000409e3fb8 0000000000000008
0x00007f189c04bc00:   0000000000000100 00007f1896e5ee20
0x00007f189c04bc10:   00007f18a8504000 00007f18961a41bc
0x00007f189c04bc20:   00007f18b0091e38 00007f189c04bc70
0x00007f189c04bc30:   00007f189c04bca0 00007f18b48b5828
0x00007f189c04bc40:   0000000000000001 00007f1894e23e98
0x00007f189c04bc50:   000000009c04bcb8 0000000894e51b89
0x00007f189c04bc60:   00007f189c04bc80 00007f18a85041c8
0x00007f189c04bc70:   00007f189c04bcc0 00007f18f0c28ce8
0x00007f189c04bc80:   00007f18b48e7188 00007f18f0c94c54
0x00007f189c04bc90:   00007f18b48e7188 00007f18f0c966be
0x00007f189c04bca0:   00007f18b48e7188 00007f18dc518990
0x00007f189c04bcb0:   00007f189c04bcc8 00007f1894e51b89
0x00007f189c04bcc0:   00007f18b48e7188 00007f18f0c111f4
0x00007f189c04bcd0:   00007f189c04bd20 00007f18f0c19de6
0x00007f189c04bce0:   00007f18b48b57c0 00007f18b4a4f6e8
0x00007f189c04bcf0:   00007f18dc506448 00007f18b48e7188
0x00007f189c04bd00:   0000000000000000 00007f189c04bd20
0x00007f189c04bd10:   00007f189c04bd68 00007f1895b19c53
0x00007f189c04bd20:   00007f18b48b57c0 00007f18f0c72598
0x00007f189c04bd30:   00007f18b4a4f6e8 00007f18b48e7188
0x00007f189c04bd40:   00007f18dc506448 00007f18dc5188d0
0x00007f189c04bd50:   00007f18aea7c560 00007f18dc5188d0
0x00007f189c04bd60:   00007f18b48b57c0 00007f18b48b5718
0x00007f189c04bd70:   00007f18b48e7188 00007f18dc506448
0x00007f189c04bd80:   00007f18b48e7188 00007f18b4a4f6e8
0x00007f189c04bd90:   00007f18b48b5718 00007f18f0c72598
0x00007f189c04bda0:   00007f18b4a4f6e8 00007f18b48e7188 

Instructions: (pc=0x00007f1895f34dc4)
0x00007f1895f34db4:   e3 01 00 00 00 00 80 45 85 d2 0f 85 7b 07 00 00
0x00007f1895f34dc4:   45 8b 8c 24 d0 72 04 00 45 85 c9 0f 85 91 05 00 

Stack: [0x00007f189bf4d000,0x00007f189c04e000],  sp=0x00007f189c04bbb0,  free space=3fa0000000000000018k
Native frames: (J=compiled Java code, j=interpreted, Vv=VM code, C=native code)
C  [libGLcore.so.1+0xd6adc4]

Java frames: (J=compiled Java code, j=interpreted, Vv=VM code)
J  com.sun.opengl.impl.GLImpl.glBegin0(I)V
J  april.vis.VisCylinder.render(Lapril/vis/VisContext;Ljavax/media/opengl/GL;Ljavax/media/opengl/glu/GLU;)V
J  april.vis.VisChain.render(Lapril/vis/VisContext;Ljavax/media/opengl/GL;Ljavax/media/opengl/glu/GLU;)V
J  april.vis.VisChain.render(Lapril/vis/VisContext;Ljavax/media/opengl/GL;Ljavax/media/opengl/glu/GLU;)V
J  april.vis.VisChain.render(Lapril/vis/VisContext;Ljavax/media/opengl/GL;Ljavax/media/opengl/glu/GLU;)V
J  april.vis.VisChain.render(Lapril/vis/VisContext;Ljavax/media/opengl/GL;Ljavax/media/opengl/glu/GLU;)V
J  april.vis.VisWorld.render(Lapril/vis/VisContext;Ljavax/media/opengl/GL;Ljavax/media/opengl/glu/GLU;)V
J  april.vis.VisCanvas$MyGLEventListener.display(Ljavax/media/opengl/GLAutoDrawable;)V
j  com.sun.opengl.impl.GLDrawableHelper.display(Ljavax/media/opengl/GLAutoDrawable;)V+29
j  javax.media.opengl.GLCanvas$DisplayAction.run()V+80
j  com.sun.opengl.impl.GLDrawableHelper.invokeGL(Ljavax/media/opengl/GLDrawable;Ljavax/media/opengl/GLContext;Ljava/lang/Runnable;Ljava/lang/Runnable;)V+456
j  javax.media.opengl.GLCanvas.maybeDoSingleThreadedWorkaround(Ljava/lang/Runnable;Ljava/lang/Runnable;)V+36
j  javax.media.opengl.GLCanvas.display()V+9
j  javax.media.opengl.GLCanvas.paint(Ljava/awt/Graphics;)V+125
j  javax.media.opengl.GLCanvas.update(Ljava/awt/Graphics;)V+2
j  sun.awt.RepaintArea.updateComponent(Ljava/awt/Component;Ljava/awt/Graphics;)V+6
j  sun.awt.X11.XRepaintArea.updateComponent(Ljava/awt/Component;Ljava/awt/Graphics;)V+23
j  sun.awt.RepaintArea.paint(Ljava/lang/Object;Z)V+263
j  sun.awt.X11.XComponentPeer.handleEvent(Ljava/awt/AWTEvent;)V+224
j  java.awt.Component.dispatchEventImpl(Ljava/awt/AWTEvent;)V+853
j  java.awt.Component.dispatchEvent(Ljava/awt/AWTEvent;)V+2
j  java.awt.EventQueue.dispatchEvent(Ljava/awt/AWTEvent;)V+46
j  java.awt.EventDispatchThread.pumpOneEventForFilters(I)Z+204
j  java.awt.EventDispatchThread.pumpEventsForFilter(ILjava/awt/Conditional;Ljava/awt/EventFilter;)V+30
j  java.awt.EventDispatchThread.pumpEventsForHierarchy(ILjava/awt/Conditional;Ljava/awt/Component;)V+11
j  java.awt.EventDispatchThread.pumpEvents(ILjava/awt/Conditional;)V+4
j  java.awt.EventDispatchThread.pumpEvents(Ljava/awt/Conditional;)V+3
j  java.awt.EventDispatchThread.run()V+9
v  ~StubRoutines::call_stub

---------------  P R O C E S S  ---------------

Java Threads: ( => current thread )
  0x00000000419c4000 JavaThread "Thread-4" [_thread_in_vm, id=25867, stack(0x00007f1892831000,0x00007f1892932000)]
  0x00000000419d9800 JavaThread "XToolkt-Shutdown-Thread" [_thread_blocked, id=25866, stack(0x00007f1892932000,0x00007f1892a33000)]
  0x00000000419d8800 JavaThread "Thread-16" [_thread_blocked, id=25865, stack(0x00007f1892a33000,0x00007f1892b34000)]
  0x00000000419d6000 JavaThread "Thread-0" [_thread_blocked, id=25864, stack(0x00007f1892b34000,0x00007f1892c35000)]
  0x00000000419d5800 JavaThread "Thread-10" [_thread_blocked, id=25863, stack(0x00007f189bd4b000,0x00007f189be4c000)]
  0x00000000417bf000 JavaThread "SIGTERM handler" daemon [_thread_in_vm, id=25862, stack(0x00007f18ad03b000,0x00007f18ad13c000)]
  0x00007f18a8963000 JavaThread "pool-14-thread-1" daemon [_thread_blocked, id=25823, stack(0x00007f1899ed5000,0x00007f1899fd6000)]
  0x00007f18a01b8000 JavaThread "pool-13-thread-1" [_thread_blocked, id=25822, stack(0x00007f1893f88000,0x00007f1894089000)]
  0x00007f18a01c8000 JavaThread "pool-12-thread-1" [_thread_blocked, id=25821, stack(0x00007f1894089000,0x00007f189418a000)]
  0x00000000419fe000 JavaThread "pool-9-thread-1" daemon [_thread_blocked, id=25820, stack(0x00007f189418a000,0x00007f189428b000)]
  0x0000000041a01000 JavaThread "pool-11-thread-1" daemon [_thread_blocked, id=25819, stack(0x00007f189428b000,0x00007f189438c000)]
  0x0000000041a02800 JavaThread "pool-10-thread-1" daemon [_thread_blocked, id=25818, stack(0x00007f189438c000,0x00007f189448d000)]
  0x00007f18a86d7800 JavaThread "pool-8-thread-1" [_thread_blocked, id=25817, stack(0x00007f189448d000,0x00007f189458e000)]
  0x00007f18a8472800 JavaThread "pool-7-thread-1" [_thread_blocked, id=25816, stack(0x00007f189458e000,0x00007f189468f000)]
  0x00007f18a01cd800 JavaThread "Thread-13" [_thread_blocked, id=25815, stack(0x00007f18947c1000,0x00007f18948c2000)]
  0x00007f18a00d9000 JavaThread "Timer-3" daemon [_thread_blocked, id=25814, stack(0x00007f189705f000,0x00007f1897160000)]
  0x00007f18a007c800 JavaThread "Timer-2" daemon [_thread_blocked, id=25813, stack(0x00007f1897362000,0x00007f1897463000)]
  0x00007f18a0079800 JavaThread "pool-6-thread-1" daemon [_thread_blocked, id=25812, stack(0x00007f1897463000,0x00007f1897564000)]
  0x00007f18a0079000 JavaThread "pool-5-thread-1" daemon [_thread_blocked, id=25811, stack(0x00007f1897564000,0x00007f1897665000)]
  0x00007f18a006e000 JavaThread "Thread-8" daemon [_thread_in_native, id=25810, stack(0x00007f1897665000,0x00007f1897766000)]
  0x00007f18a0051000 JavaThread "Timer-1" daemon [_thread_blocked, id=25809, stack(0x00007f1897766000,0x00007f1897867000)]
  0x00007f18a00bd800 JavaThread "pool-4-thread-1" daemon [_thread_blocked, id=25805, stack(0x00007f189bb49000,0x00007f189bc4a000)]
  0x00007f18a00b8800 JavaThread "Thread-5" daemon [_thread_blocked, id=25804, stack(0x00007f189bc4a000,0x00007f189bd4b000)]
  0x00007f18a85f2000 JavaThread "TimerQueue" daemon [_thread_blocked, id=25802, stack(0x00007f189ba48000,0x00007f189bb49000)]
  0x000000004179e800 JavaThread "Timer-0" daemon [_thread_blocked, id=25795, stack(0x00007f189be4c000,0x00007f189bf4d000)]
  0x00007f18a8506000 JavaThread "DestroyJavaVM" [_thread_blocked, id=25768, stack(0x00007f18f4d0f000,0x00007f18f4e10000)]
=>0x00007f18a8504000 JavaThread "AWT-EventQueue-0" [_thread_in_native, id=25794, stack(0x00007f189bf4d000,0x00007f189c04e000)]
  0x00007f18a8502800 JavaThread "AWT-Shutdown" [_thread_blocked, id=25793, stack(0x00007f189c04e000,0x00007f189c14f000)]
  0x00007f18a83b0800 JavaThread "AWT-XAWT" daemon [_thread_blocked, id=25792, stack(0x00007f18a6ef8000,0x00007f18a6ff9000)]
  0x00007f18a8298800 JavaThread "Java2D Disposer" daemon [_thread_blocked, id=25791, stack(0x00007f18ac029000,0x00007f18ac12a000)]
  0x00007f18a807f000 JavaThread "Low Memory Detector" daemon [_thread_blocked, id=25788, stack(0x00007f18acd38000,0x00007f18ace39000)]
  0x00007f18a807c800 JavaThread "CompilerThread1" daemon [_thread_blocked, id=25787, stack(0x00007f18ace39000,0x00007f18acf3a000)]
  0x00007f18a8079800 JavaThread "CompilerThread0" daemon [_thread_blocked, id=25786, stack(0x00007f18acf3a000,0x00007f18ad03b000)]
  0x00007f18a8077800 JavaThread "JDWP Event Helper Thread" daemon [_thread_blocked, id=25780, stack(0x00007f18ad13c000,0x00007f18ad23d000)]
  0x00007f18a8074000 JavaThread "JDWP Transport Listener: dt_socket" daemon [_thread_in_native, id=25779, stack(0x00007f18ad23d000,0x00007f18ad33e000)]
  0x00007f18a8068000 JavaThread "Signal Dispatcher" daemon [_thread_blocked, id=25777, stack(0x00007f18ad442000,0x00007f18ad543000)]
  0x00007f18a804a000 JavaThread "Finalizer" daemon [_thread_blocked, id=25776, stack(0x00007f18ad543000,0x00007f18ad644000)]
  0x00007f18a8048000 JavaThread "Reference Handler" daemon [_thread_blocked, id=25775, stack(0x00007f18ad644000,0x00007f18ad745000)]

Other Threads:
  0x00007f18a8043800 VMThread [stack: 0x00007f18ad745000,0x00007f18ad846000] [id=25774]
  0x00007f18a8082000 WatcherThread [stack: 0x00007f18acc37000,0x00007f18acd38000] [id=25789]

VM state:not at safepoint (normal execution)

VM Mutex/Monitor currently owned by a thread:  ([mutex/lock_event])
[0x000000004179b640] Threads_lock - owner thread: 0x00000000417bf000

Heap
 PSYoungGen      total 33792K, used 2529K [0x00007f18dc4f0000, 0x00007f18df100000, 0x00007f18f0a40000)
  eden space 24384K, 5% used [0x00007f18dc4f0000,0x00007f18dc640620,0x00007f18ddcc0000)
  from space 9408K, 12% used [0x00007f18de7d0000,0x00007f18de8f8000,0x00007f18df100000)
  to   space 10368K, 0% used [0x00007f18ddcc0000,0x00007f18ddcc0000,0x00007f18de6e0000)
 PSOldGen        total 41600K, used 18764K [0x00007f18b3a40000, 0x00007f18b62e0000, 0x00007f18dc4f0000)
  object space 41600K, 45% used [0x00007f18b3a40000,0x00007f18b4c931a0,0x00007f18b62e0000)
 PSPermGen       total 29312K, used 29173K [0x00007f18ae640000, 0x00007f18b02e0000, 0x00007f18b3a40000)
  object space 29312K, 99% used [0x00007f18ae640000,0x00007f18b02bd5a0,0x00007f18b02e0000)

Dynamic libraries:
40000000-40009000 r-xp 00000000 08:01 3671065                            /usr/lib/jvm/java-6-sun-1.6.0.22/jre/bin/java
40108000-4010a000 rwxp 00008000 08:01 3671065                            /usr/lib/jvm/java-6-sun-1.6.0.22/jre/bin/java
4178a000-41ee6000 rwxp 00000000 00:00 0                                  [heap]
7f189222b000-7f189222e000 ---p 00000000 00:00 0 
7f189222e000-7f189232c000 rwxp 00000000 00:00 0 
7f189232c000-7f189232f000 ---p 00000000 00:00 0 
7f189232f000-7f189242d000 rwxp 00000000 00:00 0 
7f189242d000-7f1892430000 ---p 00000000 00:00 0 
7f1892430000-7f189252e000 rwxp 00000000 00:00 0 
7f189252e000-7f1892531000 ---p 00000000 00:00 0 
7f1892531000-7f189262f000 rwxp 00000000 00:00 0 
7f189262f000-7f1892632000 ---p 00000000 00:00 0 
7f1892632000-7f1892730000 rwxp 00000000 00:00 0 
7f1892730000-7f1892733000 ---p 00000000 00:00 0 
7f1892733000-7f1892831000 rwxp 00000000 00:00 0 
7f1892831000-7f1892834000 ---p 00000000 00:00 0 
7f1892834000-7f1892932000 rwxp 00000000 00:00 0 
7f1892932000-7f1892935000 ---p 00000000 00:00 0 
7f1892935000-7f1892a33000 rwxp 00000000 00:00 0 
7f1892a33000-7f1892a36000 ---p 00000000 00:00 0 
7f1892a36000-7f1892b34000 rwxp 00000000 00:00 0 
7f1892b34000-7f1892b37000 ---p 00000000 00:00 0 
7f1892b37000-7f1892c35000 rwxp 00000000 00:00 0 
7f1892c35000-7f1892c3b000 r-xp 00000000 08:01 3671218                    /usr/lib/jvm/java-6-sun-1.6.0.22/jre/lib/amd64/libmanagement.so
7f1892c3b000-7f1892d3a000 ---p 00006000 08:01 3671218                    /usr/lib/jvm/java-6-sun-1.6.0.22/jre/lib/amd64/libmanagement.so
7f1892d3a000-7f1892d3c000 rwxp 00005000 08:01 3671218                    /usr/lib/jvm/java-6-sun-1.6.0.22/jre/lib/amd64/libmanagement.so
7f1892d3c000-7f1892d7c000 rwxs ce54e000 00:05 4790                       /dev/nvidia0
7f1892d7c000-7f1892e7c000 rwxs a9cd4000 00:05 4790                       /dev/nvidia0
7f1892e7c000-7f1892f7c000 rwxs a9e11000 00:05 4790                       /dev/nvidia0
7f1892f7c000-7f1893dd7000 rwxs c0000000 00:05 4790                       /dev/nvidia0
7f1893dd7000-7f1893f88000 rwxs 00000000 00:04 7897133                    /SYSV00000000 (deleted)
7f1893f88000-7f1893f8b000 ---p 00000000 00:00 0 
7f1893f8b000-7f1894089000 rwxp 00000000 00:00 0 
7f1894089000-7f189408c000 ---p 00000000 00:00 0 
7f189408c000-7f189418a000 rwxp 00000000 00:00 0 
7f189418a000-7f189418d000 ---p 00000000 00:00 0 
7f189418d000-7f189428b000 rwxp 00000000 00:00 0 
7f189428b000-7f189428e000 ---p 00000000 00:00 0 
7f189428e000-7f189438c000 rwxp 00000000 00:00 0 
7f189438c000-7f189438f000 ---p 00000000 00:00 0 
7f189438f000-7f189448d000 rwxp 00000000 00:00 0 
7f189448d000-7f1894490000 ---p 00000000 00:00 0 
7f1894490000-7f189458e000 rwxp 00000000 00:00 0 
7f189458e000-7f1894591000 ---p 00000000 00:00 0 
7f1894591000-7f189468f000 rwxp 00000000 00:00 0 
7f189468f000-7f18946bb000 r-xp 00000000 08:01 3671210                    /usr/lib/jvm/java-6-sun-1.6.0.22/jre/lib/amd64/libjpeg.so
7f18946bb000-7f18947bb000 ---p 0002c000 08:01 3671210                    /usr/lib/jvm/java-6-sun-1.6.0.22/jre/lib/amd64/libjpeg.so
7f18947bb000-7f18947c1000 rwxp 0002c000 08:01 3671210                    /usr/lib/jvm/java-6-sun-1.6.0.22/jre/lib/amd64/libjpeg.so
7f18947c1000-7f18947c4000 ---p 00000000 00:00 0 
7f18947c4000-7f18948c2000 rwxp 00000000 00:00 0 
7f18948c2000-7f18948c4000 r-xp 00000000 08:01 3547862                    /usr/lib/jni/libjogl_awt.so
7f18948c4000-7f1894ac3000 ---p 00002000 08:01 3547862                    /usr/lib/jni/libjogl_awt.so
7f1894ac3000-7f1894ac4000 r-xp 00001000 08:01 3547862                    /usr/lib/jni/libjogl_awt.so
7f1894ac4000-7f1894ac5000 rwxp 00002000 08:01 3547862                    /usr/lib/jni/libjogl_awt.so
7f1894ac5000-7f1894ac6000 r-xp 00000000 08:01 3671212                    /usr/lib/jvm/java-6-sun-1.6.0.22/jre/lib/amd64/libjawt.so
7f1894ac6000-7f1894bc5000 ---p 00001000 08:01 3671212                    /usr/lib/jvm/java-6-sun-1.6.0.22/jre/lib/amd64/libjawt.so
7f1894bc5000-7f1894bc6000 rwxp 00000000 08:01 3671212                    /usr/lib/jvm/java-6-sun-1.6.0.22/jre/lib/amd64/libjawt.so
7f1894bc6000-7f1894bcb000 r-xp 00000000 08:01 2886491                    /usr/lib/libXxf86vm.so.1.0.0
7f1894bcb000-7f1894dca000 ---p 00005000 08:01 2886491                    /usr/lib/libXxf86vm.so.1.0.0
7f1894dca000-7f1894dcb000 r-xp 00004000 08:01 2886491                    /usr/lib/libXxf86vm.so.1.0.0
7f1894dcb000-7f1894dcc000 rwxp 00005000 08:01 2886491                    /usr/lib/libXxf86vm.so.1.0.0
7f1894dcc000-7f1894ec7000 r-xp 00000000 08:01 3547861                    /usr/lib/jni/libjogl.so
7f1894ec7000-7f18950c6000 ---p 000fb000 08:01 3547861                    /usr/lib/jni/libjogl.so
7f18950c6000-7f18950c7000 r-xp 000fa000 08:01 3547861                    /usr/lib/jni/libjogl.so
7f18950c7000-7f18950c8000 rwxp 000fb000 08:01 3547861                    /usr/lib/jni/libjogl.so
7f18950c8000-7f18950c9000 r-xp 00000000 08:01 3539012                    /usr/lib/nvidia-current/tls/libnvidia-tls.so.195.36.24
7f18950c9000-7f18951c9000 ---p 00001000 08:01 3539012                    /usr/lib/nvidia-current/tls/libnvidia-tls.so.195.36.24
7f18951c9000-7f18951ca000 rwxp 00001000 08:01 3539012                    /usr/lib/nvidia-current/tls/libnvidia-tls.so.195.36.24
7f18951ca000-7f1896622000 r-xp 00000000 08:01 3539066                    /usr/lib/nvidia-current/libGLcore.so.195.36.24
7f1896622000-7f1896721000 ---p 01458000 08:01 3539066                    /usr/lib/nvidia-current/libGLcore.so.195.36.24
7f1896721000-7f1896e4b000 rwxp 01457000 08:01 3539066                    /usr/lib/nvidia-current/libGLcore.so.195.36.24
7f1896e4b000-7f1896e60000 rwxp 00000000 00:00 0 
7f1896e60000-7f1896f0a000 r-xp 00000000 08:01 3539065                    /usr/lib/nvidia-current/libGL.so.195.36.24
7f1896f0a000-7f1897009000 ---p 000aa000 08:01 3539065                    /usr/lib/nvidia-current/libGL.so.195.36.24
7f1897009000-7f189704a000 rwxp 000a9000 08:01 3539065                    /usr/lib/nvidia-current/libGL.so.195.36.24
7f189704a000-7f189705f000 rwxp 00000000 00:00 0 
7f189705f000-7f1897062000 ---p 00000000 00:00 0 
7f1897062000-7f1897160000 rwxp 00000000 00:00 0 
7f1897160000-7f1897161000 r-xp 00000000 08:01 3547863                    /usr/lib/jni/libgluegen-rt.so
7f1897161000-7f1897360000 ---p 00001000 08:01 3547863                    /usr/lib/jni/libgluegen-rt.so
7f1897360000-7f1897361000 r-xp 00000000 08:01 3547863                    /usr/lib/jni/libgluegen-rt.so
7f1897361000-7f1897362000 rwxp 00001000 08:01 3547863                    /usr/lib/jni/libgluegen-rt.so
7f1897362000-7f1897365000 ---p 00000000 00:00 0 
7f1897365000-7f1897463000 rwxp 00000000 00:00 0 
7f1897463000-7f1897466000 ---p 00000000 00:00 0 
7f1897466000-7f1897564000 rwxp 00000000 00:00 0 
7f1897564000-7f1897567000 ---p 00000000 00:00 0 
7f1897567000-7f1897665000 rwxp 00000000 00:00 0 
7f1897665000-7f1897668000 ---p 00000000 00:00 0 
7f1897668000-7f1897766000 rwxp 00000000 00:00 0 
7f1897766000-7f1897769000 ---p 00000000 00:00 0 
7f1897769000-7f1897867000 rwxp 00000000 00:00 0 
7f1897867000-7f1897868000 ---p 00000000 00:00 0 
7f1897868000-7f1898068000 rwxp 00000000 00:00 0 
7f1898068000-7f1898069000 ---p 00000000 00:00 0 
7f1898069000-7f1898869000 rwxp 00000000 00:00 0 
7f1898869000-7f189886a000 ---p 00000000 00:00 0 
7f189886a000-7f189906a000 rwxp 00000000 00:00 0 
7f189906a000-7f18992ad000 r-xp 00000000 08:01 7606701                    /home/kevin/sandbox/lib/libSoarKernelSML.so
7f18992ad000-7f18994ad000 ---p 00243000 08:01 7606701                    /home/kevin/sandbox/lib/libSoarKernelSML.so
7f18994ad000-7f18994b8000 r-xp 00243000 08:01 7606701                    /home/kevin/sandbox/lib/libSoarKernelSML.so
7f18994b8000-7f18994bd000 rwxp 0024e000 08:01 7606701                    /home/kevin/sandbox/lib/libSoarKernelSML.so
7f18994bd000-7f18994c1000 rwxp 00000000 00:00 0 
7f18994c1000-7f18994d7000 r-xp 00000000 08:01 5505106                    /lib/libgcc_s.so.1
7f18994d7000-7f18996d6000 ---p 00016000 08:01 5505106                    /lib/libgcc_s.so.1
7f18996d6000-7f18996d7000 r-xp 00015000 08:01 5505106                    /lib/libgcc_s.so.1
7f18996d7000-7f18996d8000 rwxp 00016000 08:01 5505106                    /lib/libgcc_s.so.1
7f18996d8000-7f18997ce000 r-xp 00000000 08:01 2887343                    /usr/lib/libstdc++.so.6.0.13
7f18997ce000-7f18999ce000 ---p 000f6000 08:01 2887343                    /usr/lib/libstdc++.so.6.0.13
7f18999ce000-7f18999d5000 r-xp 000f6000 08:01 2887343                    /usr/lib/libstdc++.so.6.0.13
7f18999d5000-7f18999d7000 rwxp 000fd000 08:01 2887343                    /usr/lib/libstdc++.so.6.0.13
7f18999d7000-7f18999ec000 rwxp 00000000 00:00 0 
7f18999ec000-7f18999f8000 r-xp 00000000 08:01 7606622                    /home/kevin/sandbox/lib/libElementXML.so
7f18999f8000-7f1899bf7000 ---p 0000c000 08:01 7606622                    /home/kevin/sandbox/lib/libElementXML.so
7f1899bf7000-7f1899bf8000 r-xp 0000b000 08:01 7606622                    /home/kevin/sandbox/lib/libElementXML.so
7f1899bf8000-7f1899bf9000 rwxp 0000c000 08:01 7606622                    /home/kevin/sandbox/lib/libElementXML.so
7f1899bf9000-7f1899c78000 r-xp 00000000 08:01 7606804                    /home/kevin/sandbox/lib/libJava_sml_ClientInterface.so
7f1899c78000-7f1899e78000 ---p 0007f000 08:01 7606804                    /home/kevin/sandbox/lib/libJava_sml_ClientInterface.so
7f1899e78000-7f1899e7c000 r-xp 0007f000 08:01 7606804                    /home/kevin/sandbox/lib/libJava_sml_ClientInterface.so
7f1899e7c000-7f1899e7d000 rwxp 00083000 08:01 7606804                    /home/kevin/sandbox/lib/libJava_sml_ClientInterface.so
7f1899ed5000-7f1899ed8000 ---p 00000000 00:00 0 
7f1899ed8000-7f1899fd6000 rwxp 00000000 00:00 0 
7f1899fd6000-7f189a036000 rwxs 00000000 00:04 7798828                    /SYSV00000000 (deleted)
7f189a036000-7f189a046000 r-xp 00000000 08:01 5509298                    /lib/libbz2.so.1.0.4
7f189a046000-7f189a245000 ---p 00010000 08:01 5509298                    /lib/libbz2.so.1.0.4
7f189a245000-7f189a246000 r-xp 0000f000 08:01 5509298                    /lib/libbz2.so.1.0.4
7f189a246000-7f189a247000 rwxp 00010000 08:01 5509298                    /lib/libbz2.so.1.0.4
7f189a247000-7f189a38d000 r-xp 00000000 08:01 2885728                    /usr/lib/libxml2.so.2.7.6
7f189a38d000-7f189a58c000 ---p 00146000 08:01 2885728                    /usr/lib/libxml2.so.2.7.6
7f189a58c000-7f189a594000 r-xp 00145000 08:01 2885728                    /usr/lib/libxml2.so.2.7.6
7f189a594000-7f189a596000 rwxp 0014d000 08:01 2885728                    /usr/lib/libxml2.so.2.7.6
7f189a596000-7f189a597000 rwxp 00000000 00:00 0 
7f189a597000-7f189a5cd000 r-xp 00000000 08:01 2886617                    /usr/lib/libcroco-0.6.so.3.0.1
7f189a5cd000-7f189a7cc000 ---p 00036000 08:01 2886617                    /usr/lib/libcroco-0.6.so.3.0.1
7f189a7cc000-7f189a7cd000 r-xp 00035000 08:01 2886617                    /usr/lib/libcroco-0.6.so.3.0.1
7f189a7cd000-7f189a7d0000 rwxp 00036000 08:01 2886617                    /usr/lib/libcroco-0.6.so.3.0.1
7f189a7d0000-7f189a80a000 r-xp 00000000 08:01 2886879                    /usr/lib/libgsf-1.so.114.0.16
7f189a80a000-7f189aa09000 ---p 0003a000 08:01 2886879                    /usr/lib/libgsf-1.so.114.0.16
7f189aa09000-7f189aa0c000 r-xp 00039000 08:01 2886879                    /usr/lib/libgsf-1.so.114.0.16
7f189aa0c000-7f189aa0d000 rwxp 0003c000 08:01 2886879                    /usr/lib/libgsf-1.so.114.0.16
7f189aa0d000-7f189aa0f000 rwxp 00000000 00:00 0 
7f189aa0f000-7f189aa44000 r-xp 00000000 08:01 2884044                    /usr/lib/librsvg-2.so.2.26.3
7f189aa44000-7f189ac44000 ---p 00035000 08:01 2884044                    /usr/lib/librsvg-2.so.2.26.3
7f189ac44000-7f189ac45000 r-xp 00035000 08:01 2884044                    /usr/lib/librsvg-2.so.2.26.3
7f189ac45000-7f189ac46000 rwxp 00036000 08:01 2884044                    /usr/lib/librsvg-2.so.2.26.3
7f189ac46000-7f189ac48000 r-xp 00000000 08:01 2884041                    /usr/lib/gtk-2.0/2.10.0/loaders/svg_loader.so
7f189ac48000-7f189ae47000 ---p 00002000 08:01 2884041                    /usr/lib/gtk-2.0/2.10.0/loaders/svg_loader.so
7f189ae47000-7f189ae48000 r-xp 00001000 08:01 2884041                    /usr/lib/gtk-2.0/2.10.0/loaders/svg_loader.so
7f189ae48000-7f189ae49000 rwxp 00002000 08:01 2884041                    /usr/lib/gtk-2.0/2.10.0/loaders/svg_loader.so
7f189ae49000-7f189b2b2000 r-xp 00000000 08:01 3179386                    /usr/share/icons/hicolor/icon-theme.cache
7f189b2b2000-7f189b99d000 r-xp 00000000 08:01 3166861                    /usr/share/icons/gnome/icon-theme.cache
7f189b99d000-7f189ba48000 r-xp 00000000 08:01 3165005                    /usr/share/icons/Humanity/icon-theme.cache
7f189ba48000-7f189ba4b000 ---p 00000000 00:00 0 
7f189ba4b000-7f189bb49000 rwxp 00000000 00:00 0 
7f189bb49000-7f189bb4c000 ---p 00000000 00:00 0 
7f189bb4c000-7f189bc4a000 rwxp 00000000 00:00 0 
7f189bc4a000-7f189bc4d000 ---p 00000000 00:00 0 
7f189bc4d000-7f189bd4b000 rwxp 00000000 00:00 0 
7f189bd4b000-7f189bd4e000 ---p 00000000 00:00 0 
7f189bd4e000-7f189be4c000 rwxp 00000000 00:00 0 
7f189be4c000-7f189be4f000 ---p 00000000 00:00 0 
7f189be4f000-7f189bf4d000 rwxp 00000000 00:00 0 
7f189bf4d000-7f189bf50000 ---p 00000000 00:00 0 
7f189bf50000-7f189c04e000 rwxp 00000000 00:00 0 
7f189c04e000-7f189c051000 ---p 00000000 00:00 0 
7f189c051000-7f189c14f000 rwxp 00000000 00:00 0 
7f189c14f000-7f189c15a000 r-xp 00000000 08:01 5510697                    /lib/libudev.so.0.6.1
7f189c15a000-7f189c359000 ---p 0000b000 08:01 5510697                    /lib/libudev.so.0.6.1
7f189c359000-7f189c35a000 r-xp 0000a000 08:01 5510697                    /lib/libudev.so.0.6.1
7f189c35a000-7f189c35b000 rwxp 0000b000 08:01 5510697                    /lib/libudev.so.0.6.1
7f189c35b000-7f189c373000 r-xp 00000000 08:01 2884750                    /usr/lib/libgvfscommon.so.0.0.0
7f189c373000-7f189c572000 ---p 00018000 08:01 2884750                    /usr/lib/libgvfscommon.so.0.0.0
7f189c572000-7f189c573000 r-xp 00017000 08:01 2884750                    /usr/lib/libgvfscommon.so.0.0.0
7f189c573000-7f189c574000 rwxp 00018000 08:01 2884750                    /usr/lib/libgvfscommon.so.0.0.0
7f189c574000-7f189c59d000 r-xp 00000000 08:01 2886650                    /usr/lib/gio/modules/libgvfsdbus.so
7f189c59d000-7f189c79d000 ---p 00029000 08:01 2886650                    /usr/lib/gio/modules/libgvfsdbus.so
7f189c79d000-7f189c79e000 r-xp 00029000 08:01 2886650                    /usr/lib/gio/modules/libgvfsdbus.so
7f189c79e000-7f189c79f000 rwxp 0002a000 08:01 2886650                    /usr/lib/gio/modules/libgvfsdbus.so
7f189c79f000-7f189c7dc000 r-xp 00000000 08:01 5505103                    /lib/libdbus-1.so.3.4.0
7f189c7dc000-7f189c9dc000 ---p 0003d000 08:01 5505103                    /lib/libdbus-1.so.3.4.0
7f189c9dc000-7f189c9dd000 r-xp 0003d000 08:01 5505103                    /lib/libdbus-1.so.3.4.0
7f189c9dd000-7f189c9de000 rwxp 0003e000 08:01 5505103                    /lib/libdbus-1.so.3.4.0
7f189c9de000-7f189ca1d000 r-xp 00000000 08:01 2886994                    /usr/lib/libibus.so.1.0.0
7f189ca1d000-7f189cc1d000 ---p 0003f000 08:01 2886994                    /usr/lib/libibus.so.1.0.0
7f189cc1d000-7f189cc1f000 r-xp 0003f000 08:01 2886994                    /usr/lib/libibus.so.1.0.0
7f189cc1f000-7f189cc20000 rwxp 00041000 08:01 2886994                    /usr/lib/libibus.so.1.0.0
7f189cc20000-7f189cc21000 rwxp 00000000 00:00 0 
7f189cc21000-7f189cc26000 r-xp 00000000 08:01 2890747                    /usr/lib/gtk-2.0/2.10.0/immodules/im-ibus.so
7f189cc26000-7f189ce26000 ---p 00005000 08:01 2890747                    /usr/lib/gtk-2.0/2.10.0/immodules/im-ibus.so
7f189ce26000-7f189ce27000 r-xp 00005000 08:01 2890747                    /usr/lib/gtk-2.0/2.10.0/immodules/im-ibus.so
7f189ce27000-7f189ce28000 rwxp 00006000 08:01 2890747                    /usr/lib/gtk-2.0/2.10.0/immodules/im-ibus.so
7f189ce28000-7f189cec0000 r-xp 00000000 08:01 3044592                    /usr/share/fonts/truetype/ttf-dejavu/DejaVuSans.ttf
7f189cec0000-7f189cec2000 r-xp 00000000 08:01 3031022                    /usr/lib/pango/1.6.0/modules/pango-basic-fc.so
7f189cec2000-7f189d0c1000 ---p 00002000 08:01 3031022                    /usr/lib/pango/1.6.0/modules/pango-basic-fc.so
7f189d0c1000-7f189d0c2000 r-xp 00001000 08:01 3031022                    /usr/lib/pango/1.6.0/modules/pango-basic-fc.so
7f189d0c2000-7f189d0c3000 rwxp 00002000 08:01 3031022                    /usr/lib/pango/1.6.0/modules/pango-basic-fc.so
7f189d0c3000-7f189d0eb000 r-xp 00000000 08:01 2890737                    /usr/lib/gtk-2.0/2.10.0/engines/libmurrine.so
7f189d0eb000-7f189d2ea000 ---p 00028000 08:01 2890737                    /usr/lib/gtk-2.0/2.10.0/engines/libmurrine.so
7f189d2ea000-7f189d2eb000 r-xp 00027000 08:01 2890737                    /usr/lib/gtk-2.0/2.10.0/engines/libmurrine.so
7f189d2eb000-7f189d2ec000 rwxp 00028000 08:01 2890737                    /usr/lib/gtk-2.0/2.10.0/engines/libmurrine.so
7f189d2ec000-7f189d2f4000 r-xp 00000000 08:01 2887079                    /usr/lib/libltdl.so.7.2.1
7f189d2f4000-7f189d4f4000 ---p 00008000 08:01 2887079                    /usr/lib/libltdl.so.7.2.1
7f189d4f4000-7f189d4f5000 r-xp 00008000 08:01 2887079                    /usr/lib/libltdl.so.7.2.1
7f189d4f5000-7f189d4f6000 rwxp 00009000 08:01 2887079                    /usr/lib/libltdl.so.7.2.1
7f189d4f6000-7f189d504000 r-xp 00000000 08:01 2887352                    /usr/lib/libtdb.so.1.2.0
7f189d504000-7f189d703000 ---p 0000e000 08:01 2887352                    /usr/lib/libtdb.so.1.2.0
7f189d703000-7f189d704000 r-xp 0000d000 08:01 2887352                    /usr/lib/libtdb.so.1.2.0
7f189d704000-7f189d705000 rwxp 0000e000 08:01 2887352                    /usr/lib/libtdb.so.1.2.0
7f189d705000-7f189d70b000 r-xp 00000000 08:01 2887162                    /usr/lib/libogg.so.0.6.0
7f189d70b000-7f189d90a000 ---p 00006000 08:01 2887162                    /usr/lib/libogg.so.0.6.0
7f189d90a000-7f189d90b000 r-xp 00005000 08:01 2887162                    /usr/lib/libogg.so.0.6.0
7f189d90b000-7f189d90c000 rwxp 00006000 08:01 2887162                    /usr/lib/libogg.so.0.6.0
7f189d90c000-7f189d938000 r-xp 00000000 08:01 2887403                    /usr/lib/libvorbis.so.0.4.3
7f189d938000-7f189db37000 ---p 0002c000 08:01 2887403                    /usr/lib/libvorbis.so.0.4.3
7f189db37000-7f189db38000 r-xp 0002b000 08:01 2887403                    /usr/lib/libvorbis.so.0.4.3
7f189db38000-7f189db39000 rwxp 0002c000 08:01 2887403                    /usr/lib/libvorbis.so.0.4.3
7f189db39000-7f189db40000 r-xp 00000000 08:01 2887407                    /usr/lib/libvorbisfile.so.3.3.2
7f189db40000-7f189dd3f000 ---p 00007000 08:01 2887407                    /usr/lib/libvorbisfile.so.3.3.2
7f189dd3f000-7f189dd40000 r-xp 00006000 08:01 2887407                    /usr/lib/libvorbisfile.so.3.3.2
7f189dd40000-7f189dd41000 rwxp 00007000 08:01 2887407                    /usr/lib/libvorbisfile.so.3.3.2
7f189dd41000-7f189dd50000 r-xp 00000000 08:01 2886581                    /usr/lib/libcanberra.so.0.2.1
7f189dd50000-7f189df4f000 ---p 0000f000 08:01 2886581                    /usr/lib/libcanberra.so.0.2.1
7f189df4f000-7f189df50000 r-xp 0000e000 08:01 2886581                    /usr/lib/libcanberra.so.0.2.1
7f189df50000-7f189df51000 rwxp 0000f000 08:01 2886581                    /usr/lib/libcanberra.so.0.2.1
7f189df51000-7f189df55000 r-xp 00000000 08:01 2886579                    /usr/lib/libcanberra-gtk.so.0.1.5
7f189df55000-7f189e154000 ---p 00004000 08:01 2886579                    /usr/lib/libcanberra-gtk.so.0.1.5
7f189e154000-7f189e155000 r-xp 00003000 08:01 2886579                    /usr/lib/libcanberra-gtk.so.0.1.5
7f189e155000-7f189e156000 rwxp 00004000 08:01 2886579                    /usr/lib/libcanberra-gtk.so.0.1.5
7f189e156000-7f189e15b000 r-xp 00000000 08:01 2890783                    /usr/lib/gtk-2.0/modules/libcanberra-gtk-module.so
7f189e15b000-7f189e35a000 ---p 00005000 08:01 2890783                    /usr/lib/gtk-2.0/modules/libcanberra-gtk-module.so
7f189e35a000-7f189e35b000 r-xp 00004000 08:01 2890783                    /usr/lib/gtk-2.0/modules/libcanberra-gtk-module.so
7f189e35b000-7f189e35c000 rwxp 00005000 08:01 2890783                    /usr/lib/gtk-2.0/modules/libcanberra-gtk-module.so
7f189e35c000-7f189e382000 r-xp 00000000 08:01 5505099                    /lib/libexpat.so.1.5.2
7f189e382000-7f189e582000 ---p 00026000 08:01 5505099                    /lib/libexpat.so.1.5.2
7f189e582000-7f189e584000 r-xp 00026000 08:01 5505099                    /lib/libexpat.so.1.5.2
7f189e584000-7f189e585000 rwxp 00028000 08:01 5505099                    /lib/libexpat.so.1.5.2
7f189e585000-7f189e5a1000 r-xp 00000000 08:01 5505188                    /lib/libselinux.so.1
7f189e5a1000-7f189e7a0000 ---p 0001c000 08:01 5505188                    /lib/libselinux.so.1
7f189e7a0000-7f189e7a1000 r-xp 0001b000 08:01 5505188                    /lib/libselinux.so.1
7f189e7a1000-7f189e7a2000 rwxp 0001c000 08:01 5505188                    /lib/libselinux.so.1
7f189e7a2000-7f189e7a3000 rwxp 00000000 00:00 0 
7f189e7a3000-7f189e7b9000 r-xp 00000000 08:01 5509144                    /lib/libresolv-2.11.1.so
7f189e7b9000-7f189e9b8000 ---p 00016000 08:01 5509144                    /lib/libresolv-2.11.1.so
7f189e9b8000-7f189e9b9000 r-xp 00015000 08:01 5509144                    /lib/libresolv-2.11.1.so
7f189e9b9000-7f189e9ba000 rwxp 00016000 08:01 5509144                    /lib/libresolv-2.11.1.so
7f189e9ba000-7f189e9bc000 rwxp 00000000 00:00 0 
7f189e9bc000-7f189e9e9000 r-xp 00000000 08:01 5505164                    /lib/libpcre.so.3.12.1
7f189e9e9000-7f189ebe8000 ---p 0002d000 08:01 5505164                    /lib/libpcre.so.3.12.1
7f189ebe8000-7f189ebe9000 r-xp 0002c000 08:01 5505164                    /lib/libpcre.so.3.12.1
7f189ebe9000-7f189ebea000 rwxp 0002d000 08:01 5505164                    /lib/libpcre.so.3.12.1
7f189ebea000-7f189ebf1000 r-xp 00000000 08:01 2887442                    /usr/lib/libxcb-render.so.0.0.0
7f189ebf1000-7f189edf1000 ---p 00007000 08:01 2887442                    /usr/lib/libxcb-render.so.0.0.0
7f189edf1000-7f189edf2000 r-xp 00007000 08:01 2887442                    /usr/lib/libxcb-render.so.0.0.0
7f189edf2000-7f189edf3000 rwxp 00008000 08:01 2887442                    /usr/lib/libxcb-render.so.0.0.0
7f189edf3000-7f189edf6000 r-xp 00000000 08:01 2887440                    /usr/lib/libxcb-render-util.so.0.0.0
7f189edf6000-7f189eff5000 ---p 00003000 08:01 2887440                    /usr/lib/libxcb-render-util.so.0.0.0
7f189eff5000-7f189eff6000 r-xp 00002000 08:01 2887440                    /usr/lib/libxcb-render-util.so.0.0.0
7f189eff6000-7f189eff7000 rwxp 00003000 08:01 2887440                    /usr/lib/libxcb-render-util.so.0.0.0
7f189eff7000-7f189f01c000 r-xp 00000000 08:01 5509224                    /lib/libpng12.so.0.42.0
7f189f01c000-7f189f21c000 ---p 00025000 08:01 5509224                    /lib/libpng12.so.0.42.0
7f189f21c000-7f189f21d000 r-xp 00025000 08:01 5509224                    /lib/libpng12.so.0.42.0
7f189f21d000-7f189f21e000 rwxp 00026000 08:01 5509224                    /lib/libpng12.so.0.42.0
7f189f21e000-7f189f235000 r-xp 00000000 08:01 2886665                    /usr/lib/libdirect-1.2.so.0.8.0
7f189f235000-7f189f434000 ---p 00017000 08:01 2886665                    /usr/lib/libdirect-1.2.so.0.8.0
7f189f434000-7f189f435000 r-xp 00016000 08:01 2886665                    /usr/lib/libdirect-1.2.so.0.8.0
7f189f435000-7f189f436000 rwxp 00017000 08:01 2886665                    /usr/lib/libdirect-1.2.so.0.8.0
7f189f436000-7f189f437000 rwxp 00000000 00:00 0 
7f189f437000-7f189f440000 r-xp 00000000 08:01 2886742                    /usr/lib/libfusion-1.2.so.0.8.0
7f189f440000-7f189f63f000 ---p 00009000 08:01 2886742                    /usr/lib/libfusion-1.2.so.0.8.0
7f189f63f000-7f189f640000 r-xp 00008000 08:01 2886742                    /usr/lib/libfusion-1.2.so.0.8.0
7f189f640000-7f189f641000 rwxp 00009000 08:01 2886742                    /usr/lib/libfusion-1.2.so.0.8.0
7f189f641000-7f189f6c0000 r-xp 00000000 08:01 2886667                    /usr/lib/libdirectfb-1.2.so.0.8.0
7f189f6c0000-7f189f8bf000 ---p 0007f000 08:01 2886667                    /usr/lib/libdirectfb-1.2.so.0.8.0
7f189f8bf000-7f189f8c1000 r-xp 0007e000 08:01 2886667                    /usr/lib/libdirectfb-1.2.so.0.8.0
7f189f8c1000-7f189f8c3000 rwxp 00080000 08:01 2886667                    /usr/lib/libdirectfb-1.2.so.0.8.0
7f189f8c3000-7f189f8c4000 rwxp 00000000 00:00 0 
7f189f8c4000-7f189f919000 r-xp 00000000 08:01 2887209                    /usr/lib/libpixman-1.so.0.16.4
7f189f919000-7f189fb19000 ---p 00055000 08:01 2887209                    /usr/lib/libpixman-1.so.0.16.4
7f189fb19000-7f189fb1c000 r-xp 00055000 08:01 2887209                    /usr/lib/libpixman-1.so.0.16.4
7f189fb1c000-7f189fb1d000 rwxp 00058000 08:01 2887209                    /usr/lib/libpixman-1.so.0.16.4
7f189fb1d000-7f189fbf8000 r-xp 00000000 08:01 5510707                    /lib/libglib-2.0.so.0.2400.1
7f189fbf8000-7f189fdf8000 ---p 000db000 08:01 5510707                    /lib/libglib-2.0.so.0.2400.1
7f189fdf8000-7f189fdf9000 r-xp 000db000 08:01 5510707                    /lib/libglib-2.0.so.0.2400.1
7f189fdf9000-7f189fdfa000 rwxp 000dc000 08:01 5510707                    /lib/libglib-2.0.so.0.2400.1
7f189fdfa000-7f189fdfb000 rwxp 00000000 00:00 0 
7f189fdfb000-7f189fdff000 r-xp 00000000 08:01 2885586                    /usr/lib/libgthread-2.0.so.0.2400.1
7f189fdff000-7f189fffe000 ---p 00004000 08:01 2885586                    /usr/lib/libgthread-2.0.so.0.2400.1
7f189fffe000-7f189ffff000 r-xp 00003000 08:01 2885586                    /usr/lib/libgthread-2.0.so.0.2400.1
7f189ffff000-7f18a0000000 rwxp 00004000 08:01 2885586                    /usr/lib/libgthread-2.0.so.0.2400.1
7f18a0000000-7f18a1459000 rwxp 00000000 00:00 0 
7f18a1459000-7f18a4000000 ---p 00000000 00:00 0 
7f18a4026000-7f18a402d000 r-xp 00000000 08:01 3671170                    /usr/lib/jvm/java-6-sun-1.6.0.22/jre/lib/amd64/libnio.so
7f18a402d000-7f18a412c000 ---p 00007000 08:01 3671170                    /usr/lib/jvm/java-6-sun-1.6.0.22/jre/lib/amd64/libnio.so
7f18a412c000-7f18a412e000 rwxp 00006000 08:01 3671170                    /usr/lib/jvm/java-6-sun-1.6.0.22/jre/lib/amd64/libnio.so
7f18a412e000-7f18a4131000 r-xp 00000000 08:01 2884835                    /usr/lib/libgmodule-2.0.so.0.2400.1
7f18a4131000-7f18a4330000 ---p 00003000 08:01 2884835                    /usr/lib/libgmodule-2.0.so.0.2400.1
7f18a4330000-7f18a4331000 r-xp 00002000 08:01 2884835                    /usr/lib/libgmodule-2.0.so.0.2400.1
7f18a4331000-7f18a4332000 rwxp 00003000 08:01 2884835                    /usr/lib/libgmodule-2.0.so.0.2400.1
7f18a4332000-7f18a4377000 r-xp 00000000 08:01 2884293                    /usr/lib/libgobject-2.0.so.0.2400.1
7f18a4377000-7f18a4577000 ---p 00045000 08:01 2884293                    /usr/lib/libgobject-2.0.so.0.2400.1
7f18a4577000-7f18a4578000 r-xp 00045000 08:01 2884293                    /usr/lib/libgobject-2.0.so.0.2400.1
7f18a4578000-7f18a4579000 rwxp 00046000 08:01 2884293                    /usr/lib/libgobject-2.0.so.0.2400.1
7f18a4579000-7f18a457a000 rwxp 00000000 00:00 0 
7f18a457a000-7f18a45ad000 r-xp 00000000 08:01 2886730                    /usr/lib/libfontconfig.so.1.4.4
7f18a45ad000-7f18a47ad000 ---p 00033000 08:01 2886730                    /usr/lib/libfontconfig.so.1.4.4
7f18a47ad000-7f18a47ae000 r-xp 00033000 08:01 2886730                    /usr/lib/libfontconfig.so.1.4.4
7f18a47ae000-7f18a47af000 rwxp 00034000 08:01 2886730                    /usr/lib/libfontconfig.so.1.4.4
7f18a47af000-7f18a47c5000 r-xp 00000000 08:01 5505221                    /lib/libz.so.1.2.3.3
7f18a47c5000-7f18a49c4000 ---p 00016000 08:01 5505221                    /lib/libz.so.1.2.3.3
7f18a49c4000-7f18a49c5000 r-xp 00015000 08:01 5505221                    /lib/libz.so.1.2.3.3
7f18a49c5000-7f18a49c6000 rwxp 00016000 08:01 5505221                    /lib/libz.so.1.2.3.3
7f18a49c6000-7f18a4a46000 r-xp 00000000 08:01 2884096                    /usr/lib/libfreetype.so.6.3.22
7f18a4a46000-7f18a4c46000 ---p 00080000 08:01 2884096                    /usr/lib/libfreetype.so.6.3.22
7f18a4c46000-7f18a4c4b000 r-xp 00080000 08:01 2884096                    /usr/lib/libfreetype.so.6.3.22
7f18a4c4b000-7f18a4c4c000 rwxp 00085000 08:01 2884096                    /usr/lib/libfreetype.so.6.3.22
7f18a4c4c000-7f18a4c93000 r-xp 00000000 08:01 2885592                    /usr/lib/libpango-1.0.so.0.2800.0
7f18a4c93000-7f18a4e93000 ---p 00047000 08:01 2885592                    /usr/lib/libpango-1.0.so.0.2800.0
7f18a4e93000-7f18a4e95000 r-xp 00047000 08:01 2885592                    /usr/lib/libpango-1.0.so.0.2800.0
7f18a4e95000-7f18a4e96000 rwxp 00049000 08:01 2885592                    /usr/lib/libpango-1.0.so.0.2800.0
7f18a4e96000-7f18a4ebe000 r-xp 00000000 08:01 2885596                    /usr/lib/libpangoft2-1.0.so.0.2800.0
7f18a4ebe000-7f18a50be000 ---p 00028000 08:01 2885596                    /usr/lib/libpangoft2-1.0.so.0.2800.0
7f18a50be000-7f18a50bf000 r-xp 00028000 08:01 2885596                    /usr/lib/libpangoft2-1.0.so.0.2800.0
7f18a50bf000-7f18a50c0000 rwxp 00029000 08:01 2885596                    /usr/lib/libpangoft2-1.0.so.0.2800.0
7f18a50c0000-7f18a516f000 r-xp 00000000 08:01 2885588                    /usr/lib/libgio-2.0.so.0.2400.1
7f18a516f000-7f18a536e000 ---p 000af000 08:01 2885588                    /usr/lib/libgio-2.0.so.0.2400.1
7f18a536e000-7f18a5370000 r-xp 000ae000 08:01 2885588                    /usr/lib/libgio-2.0.so.0.2400.1
7f18a5370000-7f18a5372000 rwxp 000b0000 08:01 2885588                    /usr/lib/libgio-2.0.so.0.2400.1
7f18a5372000-7f18a5373000 rwxp 00000000 00:00 0 
7f18a5373000-7f18a53f2000 r-xp 00000000 08:01 2886571                    /usr/lib/libcairo.so.2.10800.10
7f18a53f2000-7f18a55f2000 ---p 0007f000 08:01 2886571                    /usr/lib/libcairo.so.2.10800.10
7f18a55f2000-7f18a55f4000 r-xp 0007f000 08:01 2886571                    /usr/lib/libcairo.so.2.10800.10
7f18a55f4000-7f18a55f5000 rwxp 00081000 08:01 2886571                    /usr/lib/libcairo.so.2.10800.10
7f18a55f5000-7f18a55f6000 rwxp 00000000 00:00 0 
7f18a55f6000-7f18a5614000 r-xp 00000000 08:01 2883805                    /usr/lib/libatk-1.0.so.0.3009.1
7f18a5614000-7f18a5814000 ---p 0001e000 08:01 2883805                    /usr/lib/libatk-1.0.so.0.3009.1
7f18a5814000-7f18a5816000 r-xp 0001e000 08:01 2883805                    /usr/lib/libatk-1.0.so.0.3009.1
7f18a5816000-7f18a5817000 rwxp 00020000 08:01 2883805                    /usr/lib/libatk-1.0.so.0.3009.1
7f18a5817000-7f18a5819000 r-xp 00000000 08:01 2886447                    /usr/lib/libXdamage.so.1.1.0
7f18a5819000-7f18a5a18000 ---p 00002000 08:01 2886447                    /usr/lib/libXdamage.so.1.1.0
7f18a5a18000-7f18a5a19000 r-xp 00001000 08:01 2886447                    /usr/lib/libXdamage.so.1.1.0
7f18a5a19000-7f18a5a1a000 rwxp 00002000 08:01 2886447                    /usr/lib/libXdamage.so.1.1.0
7f18a5a1a000-7f18a5a1c000 r-xp 00000000 08:01 2886443                    /usr/lib/libXcomposite.so.1.0.0
7f18a5a1c000-7f18a5c1b000 ---p 00002000 08:01 2886443                    /usr/lib/libXcomposite.so.1.0.0
7f18a5c1b000-7f18a5c1c000 r-xp 00001000 08:01 2886443                    /usr/lib/libXcomposite.so.1.0.0
7f18a5c1c000-7f18a5c1d000 rwxp 00002000 08:01 2886443                    /usr/lib/libXcomposite.so.1.0.0
7f18a5c1d000-7f18a5c28000 r-xp 00000000 08:01 2885594                    /usr/lib/libpangocairo-1.0.so.0.2800.0
7f18a5c28000-7f18a5e28000 ---p 0000b000 08:01 2885594                    /usr/lib/libpangocairo-1.0.so.0.2800.0
7f18a5e28000-7f18a5e29000 r-xp 0000b000 08:01 2885594                    /usr/lib/libpangocairo-1.0.so.0.2800.0
7f18a5e29000-7f18a5e2a000 rwxp 0000c000 08:01 2885594                    /usr/lib/libpangocairo-1.0.so.0.2800.0
7f18a5e2a000-7f18a5e45000 r-xp 00000000 08:01 2885683                    /usr/lib/libgdk_pixbuf-2.0.so.0.2000.1
7f18a5e45000-7f18a6044000 ---p 0001b000 08:01 2885683                    /usr/lib/libgdk_pixbuf-2.0.so.0.2000.1
7f18a6044000-7f18a6045000 r-xp 0001a000 08:01 2885683                    /usr/lib/libgdk_pixbuf-2.0.so.0.2000.1
7f18a6045000-7f18a6046000 rwxp 0001b000 08:01 2885683                    /usr/lib/libgdk_pixbuf-2.0.so.0.2000.1
7f18a6046000-7f18a604e000 r-xp 00000000 08:01 2886471                    /usr/lib/libXrandr.so.2.2.0
7f18a604e000-7f18a624d000 ---p 00008000 08:01 2886471                    /usr/lib/libXrandr.so.2.2.0
7f18a624d000-7f18a624e000 r-xp 00007000 08:01 2886471                    /usr/lib/libXrandr.so.2.2.0
7f18a624e000-7f18a624f000 rwxp 00008000 08:01 2886471                    /usr/lib/libXrandr.so.2.2.0
7f18a624f000-7f18a6251000 r-xp 00000000 08:01 2886461                    /usr/lib/libXinerama.so.1.0.0
7f18a6251000-7f18a6450000 ---p 00002000 08:01 2886461                    /usr/lib/libXinerama.so.1.0.0
7f18a6450000-7f18a6451000 r-xp 00001000 08:01 2886461                    /usr/lib/libXinerama.so.1.0.0
7f18a6451000-7f18a6452000 rwxp 00002000 08:01 2886461                    /usr/lib/libXinerama.so.1.0.0
7f18a6452000-7f18a64fa000 r-xp 00000000 08:01 2885682                    /usr/lib/libgdk-x11-2.0.so.0.2000.1
7f18a64fa000-7f18a66f9000 ---p 000a8000 08:01 2885682                    /usr/lib/libgdk-x11-2.0.so.0.2000.1
7f18a66f9000-7f18a66fd000 r-xp 000a7000 08:01 2885682                    /usr/lib/libgdk-x11-2.0.so.0.2000.1
7f18a66fd000-7f18a66ff000 rwxp 000ab000 08:01 2885682                    /usr/lib/libgdk-x11-2.0.so.0.2000.1
7f18a66ff000-7f18a6b14000 r-xp 00000000 08:01 2885681                    /usr/lib/libgtk-x11-2.0.so.0.2000.1
7f18a6b14000-7f18a6d14000 ---p 00415000 08:01 2885681                    /usr/lib/libgtk-x11-2.0.so.0.2000.1
7f18a6d14000-7f18a6d1b000 r-xp 00415000 08:01 2885681                    /usr/lib/libgtk-x11-2.0.so.0.2000.1
7f18a6d1b000-7f18a6d1f000 rwxp 0041c000 08:01 2885681                    /usr/lib/libgtk-x11-2.0.so.0.2000.1
7f18a6d1f000-7f18a6d21000 rwxp 00000000 00:00 0 
7f18a6d21000-7f18a6d22000 r-xs 00000000 08:01 5509554                    /var/cache/fontconfig/c05880de57d1f5e948fdfacc138775d9-le64.cache-3
7f18a6d22000-7f18a6d2b000 r-xs 00000000 08:01 5509551                    /var/cache/fontconfig/945677eb7aeaf62f1d50efc3fb3ec7d8-le64.cache-3
7f18a6d2b000-7f18a6d2d000 r-xs 00000000 08:01 5509552                    /var/cache/fontconfig/99e8ed0e538f840c565b6ed5dad60d56-le64.cache-3
7f18a6d2d000-7f18a6d30000 r-xs 00000000 08:01 5509561                    /var/cache/fontconfig/e383d7ea5fbe662a33d9b44caf393297-le64.cache-3
7f18a6d30000-7f18a6d31000 r-xs 00000000 08:01 5509562                    /var/cache/fontconfig/e7071f4a29fa870f4323321c154eba04-le64.cache-3
7f18a6d4b000-7f18a6d4f000 rwxs a9f74000 00:05 4790                       /dev/nvidia0
7f18a6d4f000-7f18a6d50000 rwxs ce58f000 00:05 4790                       /dev/nvidia0
7f18a6d50000-7f18a6d51000 rwxs a9c3b000 00:05 4790                       /dev/nvidia0
7f18a6d51000-7f18a6d52000 rwxs a9c3a000 00:05 4790                       /dev/nvidia0
7f18a6d52000-7f18a6d53000 rwxs a9c39000 00:05 4790                       /dev/nvidia0
7f18a6d53000-7f18a6d54000 rwxs ddc03000 00:05 4790                       /dev/nvidia0
7f18a6d54000-7f18a6d55000 rwxs dd001000 00:05 4790                       /dev/nvidia0
7f18a6d55000-7f18a6d76000 rwxs 00000000 00:04 5013505                    /SYSV00000000 (deleted)
7f18a6d76000-7f18a6d8f000 r-xs 00000000 08:01 3015895                    /usr/share/mime/mime.cache
7f18a6d8f000-7f18a6d99000 r-xp 00000000 08:01 3165006                    /usr/share/icons/Humanity-Dark/icon-theme.cache
7f18a6d99000-7f18a6d9f000 r-xp 00000000 08:01 3175128                    /usr/share/icons/ubuntu-mono-dark/icon-theme.cache
7f18a6d9f000-7f18a6da7000 r-xs 00115000 08:01 3671301                    /usr/lib/jvm/java-6-sun-1.6.0.22/jre/lib/resources.jar
7f18a6da7000-7f18a6dba000 r-xp 00000000 08:01 3671183                    /usr/lib/jvm/java-6-sun-1.6.0.22/jre/lib/amd64/libnet.so
7f18a6dba000-7f18a6ebb000 ---p 00013000 08:01 3671183                    /usr/lib/jvm/java-6-sun-1.6.0.22/jre/lib/amd64/libnet.so
7f18a6ebb000-7f18a6ebe000 rwxp 00014000 08:01 3671183                    /usr/lib/jvm/java-6-sun-1.6.0.22/jre/lib/amd64/libnet.so
7f18a6ebe000-7f18a6ebf000 r-xs 00000000 08:01 5509554                    /var/cache/fontconfig/c05880de57d1f5e948fdfacc138775d9-le64.cache-3
7f18a6ebf000-7f18a6ec8000 r-xs 00000000 08:01 5509551                    /var/cache/fontconfig/945677eb7aeaf62f1d50efc3fb3ec7d8-le64.cache-3
7f18a6ec8000-7f18a6eca000 r-xs 00000000 08:01 5509552                    /var/cache/fontconfig/99e8ed0e538f840c565b6ed5dad60d56-le64.cache-3
7f18a6eca000-7f18a6ecd000 r-xs 00000000 08:01 5509561                    /var/cache/fontconfig/e383d7ea5fbe662a33d9b44caf393297-le64.cache-3
7f18a6ecd000-7f18a6ece000 r-xs 00000000 08:01 5509562                    /var/cache/fontconfig/e7071f4a29fa870f4323321c154eba04-le64.cache-3
7f18a6ece000-7f18a6ed2000 r-xs 00000000 08:01 5509548                    /var/cache/fontconfig/6eb3985aa4124903f6ff08ba781cd364-le64.cache-3
7f18a6ed2000-7f18a6ed3000 r-xs 00000000 08:01 5509544                    /var/cache/fontconfig/4c73fe0c47614734b17d736dbde7580a-le64.cache-3
7f18a6ed3000-7f18a6ed4000 r-xs 00000000 08:01 5509538                    /var/cache/fontconfig/0d8c3b2ac0904cb8a57a757ad11a4a08-le64.cache-3
7f18a6ed4000-7f18a6ed5000 r-xs 00000000 08:01 5509546                    /var/cache/fontconfig/6a53c69dea097a2d716e069445527da8-le64.cache-3
7f18a6ed5000-7f18a6edb000 r-xs 00000000 08:01 5509553                    /var/cache/fontconfig/a755afe4a08bf5b97852ceb7400b47bc-le64.cache-3
7f18a6edb000-7f18a6ee4000 r-xs 00000000 08:01 5511568                    /var/cache/fontconfig/6d41288fd70b0be22e8c3a91e032eec0-le64.cache-3
7f18a6ee4000-7f18a6ef4000 r-xs 00000000 08:01 5505328                    /var/cache/fontconfig/0f34bcd4b6ee430af32735b75db7f02b-le64.cache-3
7f18a6ef4000-7f18a6ef7000 r-xs 00000000 08:01 5509558                    /var/cache/fontconfig/d60319d88cac85ba9e1a07bd06cfbb8c-le64.cache-3
7f18a6ef7000-7f18a6ef8000 r-xs 00000000 08:01 5510953                    /var/cache/fontconfig/4794a0821666d79190d59a36cb4f44b5-le64.cache-3
7f18a6ef8000-7f18a6efb000 ---p 00000000 00:00 0 
7f18a6efb000-7f18a6ff9000 rwxp 00000000 00:00 0 
7f18a6ff9000-7f18a6ffe000 r-xp 00000000 08:01 2886453                    /usr/lib/libXfixes.so.3.1.0
7f18a6ffe000-7f18a71fd000 ---p 00005000 08:01 2886453                    /usr/lib/libXfixes.so.3.1.0
7f18a71fd000-7f18a71fe000 r-xp 00004000 08:01 2886453                    /usr/lib/libXfixes.so.3.1.0
7f18a71fe000-7f18a71ff000 rwxp 00005000 08:01 2886453                    /usr/lib/libXfixes.so.3.1.0
7f18a71ff000-7f18a7208000 r-xp 00000000 08:01 2886473                    /usr/lib/libXrender.so.1.3.0
7f18a7208000-7f18a7407000 ---p 00009000 08:01 2886473                    /usr/lib/libXrender.so.1.3.0
7f18a7407000-7f18a7408000 r-xp 00008000 08:01 2886473                    /usr/lib/libXrender.so.1.3.0
7f18a7408000-7f18a7409000 rwxp 00009000 08:01 2886473                    /usr/lib/libXrender.so.1.3.0
7f18a7409000-7f18a7412000 r-xp 00000000 08:01 2886445                    /usr/lib/libXcursor.so.1.0.2
7f18a7412000-7f18a7611000 ---p 00009000 08:01 2886445                    /usr/lib/libXcursor.so.1.0.2
7f18a7611000-7f18a7612000 r-xp 00008000 08:01 2886445                    /usr/lib/libXcursor.so.1.0.2
7f18a7612000-7f18a7613000 rwxp 00009000 08:01 2886445                    /usr/lib/libXcursor.so.1.0.2
7f18a7613000-7f18a761d000 r-xs 00000000 08:01 5509557                    /var/cache/fontconfig/d52a8644073d54c13679302ca1180695-le64.cache-3
7f18a761d000-7f18a7628000 r-xs 00000000 08:01 5510241                    /var/cache/fontconfig/e13b20fdb08344e0e664864cc2ede53d-le64.cache-3
7f18a7628000-7f18a762c000 r-xs 00000000 08:01 5509550                    /var/cache/fontconfig/7ef2298fde41cc6eeb7af42e48b7d293-le64.cache-3
7f18a762c000-7f18a76a5000 r-xp 00000000 08:01 3671198                    /usr/lib/jvm/java-6-sun-1.6.0.22/jre/lib/amd64/libfontmanager.so
7f18a76a5000-7f18a77a4000 ---p 00079000 08:01 3671198                    /usr/lib/jvm/java-6-sun-1.6.0.22/jre/lib/amd64/libfontmanager.so
7f18a77a4000-7f18a77b9000 rwxp 00078000 08:01 3671198                    /usr/lib/jvm/java-6-sun-1.6.0.22/jre/lib/amd64/libfontmanager.so
7f18a77b9000-7f18a77ca000 rwxp 00000000 00:00 0 
7f18a77ca000-7f18a77cf000 r-xp 00000000 08:01 2886449                    /usr/lib/libXdmcp.so.6.0.0
7f18a77cf000-7f18a79ce000 ---p 00005000 08:01 2886449                    /usr/lib/libXdmcp.so.6.0.0
7f18a79ce000-7f18a79cf000 r-xp 00004000 08:01 2886449                    /usr/lib/libXdmcp.so.6.0.0
7f18a79cf000-7f18a79d0000 rwxp 00005000 08:01 2886449                    /usr/lib/libXdmcp.so.6.0.0
7f18a79d0000-7f18a79d2000 r-xp 00000000 08:01 2886438                    /usr/lib/libXau.so.6.0.0
7f18a79d2000-7f18a7bd2000 ---p 00002000 08:01 2886438                    /usr/lib/libXau.so.6.0.0
7f18a7bd2000-7f18a7bd3000 r-xp 00002000 08:01 2886438                    /usr/lib/libXau.so.6.0.0
7f18a7bd3000-7f18a7bd4000 rwxp 00003000 08:01 2886438                    /usr/lib/libXau.so.6.0.0
7f18a7bd4000-7f18a7bef000 r-xp 00000000 08:01 2887444                    /usr/lib/libxcb.so.1.1.0
7f18a7bef000-7f18a7dee000 ---p 0001b000 08:01 2887444                    /usr/lib/libxcb.so.1.1.0
7f18a7dee000-7f18a7def000 r-xp 0001a000 08:01 2887444                    /usr/lib/libxcb.so.1.1.0
7f18a7def000-7f18a7df0000 rwxp 0001b000 08:01 2887444                    /usr/lib/libxcb.so.1.1.0
7f18a7df0000-7f18a7dff000 r-xp 00000000 08:01 2886459                    /usr/lib/libXi.so.6.1.0
7f18a7dff000-7f18a7ffe000 ---p 0000f000 08:01 2886459                    /usr/lib/libXi.so.6.1.0
7f18a7ffe000-7f18a7fff000 r-xp 0000e000 08:01 2886459                    /usr/lib/libXi.so.6.1.0
7f18a7fff000-7f18a8000000 rwxp 0000f000 08:01 2886459                    /usr/lib/libXi.so.6.1.0
7f18a8000000-7f18a98ad000 rwxp 00000000 00:00 0 
7f18a98ad000-7f18ac000000 ---p 00000000 00:00 0 
7f18ac000000-7f18ac004000 r-xs 00000000 08:01 5509548                    /var/cache/fontconfig/6eb3985aa4124903f6ff08ba781cd364-le64.cache-3
7f18ac004000-7f18ac005000 r-xs 00000000 08:01 5509544                    /var/cache/fontconfig/4c73fe0c47614734b17d736dbde7580a-le64.cache-3
7f18ac005000-7f18ac006000 r-xs 00000000 08:01 5509538                    /var/cache/fontconfig/0d8c3b2ac0904cb8a57a757ad11a4a08-le64.cache-3
7f18ac006000-7f18ac007000 r-xs 00000000 08:01 5509546                    /var/cache/fontconfig/6a53c69dea097a2d716e069445527da8-le64.cache-3
7f18ac007000-7f18ac00d000 r-xs 00000000 08:01 5509553                    /var/cache/fontconfig/a755afe4a08bf5b97852ceb7400b47bc-le64.cache-3
7f18ac00d000-7f18ac016000 r-xs 00000000 08:01 5511568                    /var/cache/fontconfig/6d41288fd70b0be22e8c3a91e032eec0-le64.cache-3
7f18ac016000-7f18ac026000 r-xs 00000000 08:01 5505328                    /var/cache/fontconfig/0f34bcd4b6ee430af32735b75db7f02b-le64.cache-3
7f18ac026000-7f18ac029000 r-xs 00000000 08:01 5509558                    /var/cache/fontconfig/d60319d88cac85ba9e1a07bd06cfbb8c-le64.cache-3
7f18ac029000-7f18ac02c000 ---p 00000000 00:00 0 
7f18ac02c000-7f18ac12a000 rwxp 00000000 00:00 0 
7f18ac12a000-7f18ac12f000 r-xp 00000000 08:01 2886479                    /usr/lib/libXtst.so.6.1.0
7f18ac12f000-7f18ac32f000 ---p 00005000 08:01 2886479                    /usr/lib/libXtst.so.6.1.0
7f18ac32f000-7f18ac330000 r-xp 00005000 08:01 2886479                    /usr/lib/libXtst.so.6.1.0
7f18ac330000-7f18ac331000 rwxp 00006000 08:01 2886479                    /usr/lib/libXtst.so.6.1.0
7f18ac331000-7f18ac462000 r-xp 00000000 08:01 2886434                    /usr/lib/libX11.so.6.3.0
7f18ac462000-7f18ac662000 ---p 00131000 08:01 2886434                    /usr/lib/libX11.so.6.3.0
7f18ac662000-7f18ac663000 r-xp 00131000 08:01 2886434                    /usr/lib/libX11.so.6.3.0
7f18ac663000-7f18ac667000 rwxp 00132000 08:01 2886434                    /usr/lib/libX11.so.6.3.0
7f18ac667000-7f18ac678000 r-xp 00000000 08:01 2886451                    /usr/lib/libXext.so.6.4.0
7f18ac678000-7f18ac877000 ---p 00011000 08:01 2886451                    /usr/lib/libXext.so.6.4.0
7f18ac877000-7f18ac878000 r-xp 00010000 08:01 2886451                    /usr/lib/libXext.so.6.4.0
7f18ac878000-7f18ac879000 rwxp 00011000 08:01 2886451                    /usr/lib/libXext.so.6.4.0
7f18ac879000-7f18ac883000 r-xs 00000000 08:01 5509557                    /var/cache/fontconfig/d52a8644073d54c13679302ca1180695-le64.cache-3
7f18ac883000-7f18ac88e000 r-xs 00000000 08:01 5510241                    /var/cache/fontconfig/e13b20fdb08344e0e664864cc2ede53d-le64.cache-3
7f18ac88e000-7f18ac892000 r-xs 00000000 08:01 5509550                    /var/cache/fontconfig/7ef2298fde41cc6eeb7af42e48b7d293-le64.cache-3
7f18ac892000-7f18ac8d4000 r-xp 00000000 08:01 3671188                    /usr/lib/jvm/java-6-sun-1.6.0.22/jre/lib/amd64/xawt/libmawt.so
7f18ac8d4000-7f18ac9d3000 ---p 00042000 08:01 3671188                    /usr/lib/jvm/java-6-sun-1.6.0.22/jre/lib/amd64/xawt/libmawt.so
7f18ac9d3000-7f18ac9de000 rwxp 00041000 08:01 3671188                    /usr/lib/jvm/java-6-sun-1.6.0.22/jre/lib/amd64/xawt/libmawt.so
7f18ac9de000-7f18ac9e0000 rwxp 00000000 00:00 0 
7f18ac9e0000-7f18aca72000 r-xp 00000000 08:01 3671211                    /usr/lib/jvm/java-6-sun-1.6.0.22/jre/lib/amd64/libawt.so
7f18aca72000-7f18acb71000 ---p 00092000 08:01 3671211                    /usr/lib/jvm/java-6-sun-1.6.0.22/jre/lib/amd64/libawt.so
7f18acb71000-7f18acb8a000 rwxp 00091000 08:01 3671211                    /usr/lib/jvm/java-6-sun-1.6.0.22/jre/lib/amd64/libawt.so
7f18acb8a000-7f18acbaf000 rwxp 00000000 00:00 0 
7f18acbaf000-7f18acbb6000 r-xs 00059000 08:01 7606912                    /home/kevin/sandbox/share/java/log4j-1.2.15.jar
7f18acbb6000-7f18acbb8000 r-xs 0000d000 08:01 7606913                    /home/kevin/sandbox/share/java/commons-logging-1.1.1.jar
7f18acbb8000-7f18acbda000 r-xs 00105000 08:01 271                        /home/kevin/soar/soarrobot/SoarRobotServer/lib/dockingFramesCore-1.0.8-5d.jar
7f18acbda000-7f18acbea000 r-xs 00067000 08:01 270                        /home/kevin/soar/soarrobot/SoarRobotServer/lib/dockingFramesCommon-1.0.8-5d.jar
7f18acbea000-7f18acc05000 r-xs 00139000 08:01 280                        /home/kevin/soar/soarrobot/SoarRobotServer/lib/swingx-1.6.1.jar
7f18acc05000-7f18acc08000 r-xs 00019000 08:01 275                        /home/kevin/soar/soarrobot/SoarRobotServer/lib/jgoodies-forms-1.4.0b1.jar
7f18acc08000-7f18acc0a000 r-xs 00004000 08:01 274                        /home/kevin/soar/soarrobot/SoarRobotServer/lib/jgoodies-common-0.9.9.jar
7f18acc0a000-7f18acc0f000 r-xs 00030000 08:01 278                        /home/kevin/soar/soarrobot/SoarRobotServer/lib/jinput.jar
7f18acc0f000-7f18acc22000 r-xs 000d2000 08:01 273                        /home/kevin/soar/soarrobot/SoarRobotServer/lib/guava-r06.jar
7f18acc22000-7f18acc2c000 r-xs 000ec000 08:01 3021249                    /usr/share/java/jogl-1.1.1+dak1.jar
7f18acc2c000-7f18acc37000 r-xs 000c5000 08:01 7867603                    /home/kevin/soar/april/java/april.jar
7f18acc37000-7f18acc38000 ---p 00000000 00:00 0 
7f18acc38000-7f18acd38000 rwxp 00000000 00:00 0 
7f18acd38000-7f18acd3b000 ---p 00000000 00:00 0 
7f18acd3b000-7f18ace39000 rwxp 00000000 00:00 0 
7f18ace39000-7f18ace3c000 ---p 00000000 00:00 0 
7f18ace3c000-7f18acf3a000 rwxp 00000000 00:00 0 
7f18acf3a000-7f18acf3d000 ---p 00000000 00:00 0 
7f18acf3d000-7f18ad03b000 rwxp 00000000 00:00 0 
7f18ad03b000-7f18ad03e000 ---p 00000000 00:00 0 
7f18ad03e000-7f18ad13c000 rwxp 00000000 00:00 0 
7f18ad13c000-7f18ad13f000 ---p 00000000 00:00 0 
7f18ad13f000-7f18ad23d000 rwxp 00000000 00:00 0 
7f18ad23d000-7f18ad240000 ---p 00000000 00:00 0 
7f18ad240000-7f18ad33e000 rwxp 00000000 00:00 0 
7f18ad33e000-7f18ad341000 r-xp 00000000 08:01 3671168                    /usr/lib/jvm/java-6-sun-1.6.0.22/jre/lib/amd64/libdt_socket.so
7f18ad341000-7f18ad440000 ---p 00003000 08:01 3671168                    /usr/lib/jvm/java-6-sun-1.6.0.22/jre/lib/amd64/libdt_socket.so
7f18ad440000-7f18ad442000 rwxp 00002000 08:01 3671168                    /usr/lib/jvm/java-6-sun-1.6.0.22/jre/lib/amd64/libdt_socket.so
7f18ad442000-7f18ad445000 ---p 00000000 00:00 0 
7f18ad445000-7f18ad543000 rwxp 00000000 00:00 0 
7f18ad543000-7f18ad546000 ---p 00000000 00:00 0 
7f18ad546000-7f18ad644000 rwxp 00000000 00:00 0 
7f18ad644000-7f18ad647000 ---p 00000000 00:00 0 
7f18ad647000-7f18ad745000 rwxp 00000000 00:00 0 
7f18ad745000-7f18ad746000 ---p 00000000 00:00 0 
7f18ad746000-7f18add4b000 rwxp 00000000 00:00 0 
7f18add4b000-7f18adee3000 r-xs 03013000 08:01 3671304                    /usr/lib/jvm/java-6-sun-1.6.0.22/jre/lib/rt.jar
7f18adee3000-7f18adee4000 ---p 00000000 00:00 0 
7f18adee4000-7f18adfe4000 rwxp 00000000 00:00 0 
7f18adfe4000-7f18adfe5000 ---p 00000000 00:00 0 
7f18adfe5000-7f18ae0e5000 rwxp 00000000 00:00 0 
7f18ae0e5000-7f18ae0e6000 ---p 00000000 00:00 0 
7f18ae0e6000-7f18ae1e6000 rwxp 00000000 00:00 0 
7f18ae1e6000-7f18ae1e7000 ---p 00000000 00:00 0 
7f18ae1e7000-7f18ae2fc000 rwxp 00000000 00:00 0 
7f18ae2fc000-7f18ae42d000 rwxp 00000000 00:00 0 
7f18ae42d000-7f18ae43c000 rwxp 00000000 00:00 0 
7f18ae43c000-7f18ae457000 rwxp 00000000 00:00 0 
7f18ae457000-7f18ae46c000 rwxp 00000000 00:00 0 
7f18ae46c000-7f18ae59c000 rwxp 00000000 00:00 0 
7f18ae59c000-7f18ae5b3000 rwxp 00000000 00:00 0 
7f18ae5b3000-7f18ae5b7000 ---p 00000000 00:00 0 
7f18ae5b7000-7f18ae63f000 rwxp 00000000 00:00 0 
7f18ae63f000-7f18b02e0000 rwxp 00000000 00:00 0 
7f18b02e0000-7f18b3a40000 rwxp 00000000 00:00 0 
7f18b3a40000-7f18b62e0000 rwxp 00000000 00:00 0 
7f18b62e0000-7f18dc4f0000 rwxp 00000000 00:00 0 
7f18dc4f0000-7f18df100000 rwxp 00000000 00:00 0 
7f18df100000-7f18dfa10000 ---p 00000000 00:00 0 
7f18dfa10000-7f18f0a40000 rwxp 00000000 00:00 0 
7f18f0a40000-7f18f0a41000 r-xs 00000000 08:01 5510953                    /var/cache/fontconfig/4794a0821666d79190d59a36cb4f44b5-le64.cache-3
7f18f0a41000-7f18f0a44000 r-xs 0001c000 08:01 8652618                    /home/kevin/lcm-read-only/lcm-java/lcm.jar
7f18f0a44000-7f18f0a48000 r-xs 00029000 08:01 7606910                    /home/kevin/sandbox/share/java/sml.jar
7f18f0a48000-7f18f0a4f000 r-xs 0002f000 08:01 3019884                    /usr/share/java/junit4-4.8.1.jar
7f18f0a4f000-7f18f0a59000 rwxp 00000000 00:00 0 
7f18f0a59000-7f18f0b0f000 rwxp 00000000 00:00 0 
7f18f0b0f000-7f18f0d7f000 rwxp 00000000 00:00 0 
7f18f0d7f000-7f18f3b0f000 rwxp 00000000 00:00 0 
7f18f3b0f000-7f18f3b1d000 r-xp 00000000 08:01 3671205                    /usr/lib/jvm/java-6-sun-1.6.0.22/jre/lib/amd64/libzip.so
7f18f3b1d000-7f18f3c1f000 ---p 0000e000 08:01 3671205                    /usr/lib/jvm/java-6-sun-1.6.0.22/jre/lib/amd64/libzip.so
7f18f3c1f000-7f18f3c22000 rwxp 00010000 08:01 3671205                    /usr/lib/jvm/java-6-sun-1.6.0.22/jre/lib/amd64/libzip.so
7f18f3c22000-7f18f3c23000 rwxp 00000000 00:00 0 
7f18f3c23000-7f18f3c2f000 r-xp 00000000 08:01 5509168                    /lib/libnss_files-2.11.1.so
7f18f3c2f000-7f18f3e2e000 ---p 0000c000 08:01 5509168                    /lib/libnss_files-2.11.1.so
7f18f3e2e000-7f18f3e2f000 r-xp 0000b000 08:01 5509168                    /lib/libnss_files-2.11.1.so
7f18f3e2f000-7f18f3e30000 rwxp 0000c000 08:01 5509168                    /lib/libnss_files-2.11.1.so
7f18f3e30000-7f18f3e3a000 r-xp 00000000 08:01 5509152                    /lib/libnss_nis-2.11.1.so
7f18f3e3a000-7f18f4039000 ---p 0000a000 08:01 5509152                    /lib/libnss_nis-2.11.1.so
7f18f4039000-7f18f403a000 r-xp 00009000 08:01 5509152                    /lib/libnss_nis-2.11.1.so
7f18f403a000-7f18f403b000 rwxp 0000a000 08:01 5509152                    /lib/libnss_nis-2.11.1.so
7f18f403b000-7f18f4043000 r-xp 00000000 08:01 5509150                    /lib/libnss_compat-2.11.1.so
7f18f4043000-7f18f4242000 ---p 00008000 08:01 5509150                    /lib/libnss_compat-2.11.1.so
7f18f4242000-7f18f4243000 r-xp 00007000 08:01 5509150                    /lib/libnss_compat-2.11.1.so
7f18f4243000-7f18f4244000 rwxp 00008000 08:01 5509150                    /lib/libnss_compat-2.11.1.so
7f18f4244000-7f18f4362000 r-xp 00000000 08:01 2891261                    /usr/lib/locale/en_US.utf8/LC_COLLATE
7f18f4362000-7f18f4365000 r-xp 00000000 08:01 3671193                    /usr/lib/jvm/java-6-sun-1.6.0.22/jre/lib/amd64/libnpt.so
7f18f4365000-7f18f4464000 ---p 00003000 08:01 3671193                    /usr/lib/jvm/java-6-sun-1.6.0.22/jre/lib/amd64/libnpt.so
7f18f4464000-7f18f4465000 rwxp 00002000 08:01 3671193                    /usr/lib/jvm/java-6-sun-1.6.0.22/jre/lib/amd64/libnpt.so
7f18f4465000-7f18f449b000 r-xp 00000000 08:01 3671192                    /usr/lib/jvm/java-6-sun-1.6.0.22/jre/lib/amd64/libjdwp.so
7f18f449b000-7f18f459a000 ---p 00036000 08:01 3671192                    /usr/lib/jvm/java-6-sun-1.6.0.22/jre/lib/amd64/libjdwp.so
7f18f459a000-7f18f45a4000 rwxp 00035000 08:01 3671192                    /usr/lib/jvm/java-6-sun-1.6.0.22/jre/lib/amd64/libjdwp.so
7f18f45a4000-7f18f45ab000 r-xp 00000000 08:01 3671217                    /usr/lib/jvm/java-6-sun-1.6.0.22/jre/lib/amd64/native_threads/libhpi.so
7f18f45ab000-7f18f46ac000 ---p 00007000 08:01 3671217                    /usr/lib/jvm/java-6-sun-1.6.0.22/jre/lib/amd64/native_threads/libhpi.so
7f18f46ac000-7f18f46ae000 rwxp 00008000 08:01 3671217                    /usr/lib/jvm/java-6-sun-1.6.0.22/jre/lib/amd64/native_threads/libhpi.so
7f18f46ae000-7f18f46af000 rwxp 00000000 00:00 0 
7f18f46af000-7f18f46c6000 r-xp 00000000 08:01 5509132                    /lib/libnsl-2.11.1.so
7f18f46c6000-7f18f48c5000 ---p 00017000 08:01 5509132                    /lib/libnsl-2.11.1.so
7f18f48c5000-7f18f48c6000 r-xp 00016000 08:01 5509132                    /lib/libnsl-2.11.1.so
7f18f48c6000-7f18f48c7000 rwxp 00017000 08:01 5509132                    /lib/libnsl-2.11.1.so
7f18f48c7000-7f18f48c9000 rwxp 00000000 00:00 0 
7f18f48c9000-7f18f48f1000 r-xp 00000000 08:01 3671204                    /usr/lib/jvm/java-6-sun-1.6.0.22/jre/lib/amd64/libjava.so
7f18f48f1000-7f18f49f1000 ---p 00028000 08:01 3671204                    /usr/lib/jvm/java-6-sun-1.6.0.22/jre/lib/amd64/libjava.so
7f18f49f1000-7f18f49f8000 rwxp 00028000 08:01 3671204                    /usr/lib/jvm/java-6-sun-1.6.0.22/jre/lib/amd64/libjava.so
7f18f49f8000-7f18f4a05000 r-xp 00000000 08:01 3671182                    /usr/lib/jvm/java-6-sun-1.6.0.22/jre/lib/amd64/libverify.so
7f18f4a05000-7f18f4b04000 ---p 0000d000 08:01 3671182                    /usr/lib/jvm/java-6-sun-1.6.0.22/jre/lib/amd64/libverify.so
7f18f4b04000-7f18f4b07000 rwxp 0000c000 08:01 3671182                    /usr/lib/jvm/java-6-sun-1.6.0.22/jre/lib/amd64/libverify.so
7f18f4b07000-7f18f4b0e000 r-xp 00000000 08:01 5509143                    /lib/librt-2.11.1.so
7f18f4b0e000-7f18f4d0d000 ---p 00007000 08:01 5509143                    /lib/librt-2.11.1.so
7f18f4d0d000-7f18f4d0e000 r-xp 00006000 08:01 5509143                    /lib/librt-2.11.1.so
7f18f4d0e000-7f18f4d0f000 rwxp 00007000 08:01 5509143                    /lib/librt-2.11.1.so
7f18f4d0f000-7f18f4d12000 ---p 00000000 00:00 0 
7f18f4d12000-7f18f4e10000 rwxp 00000000 00:00 0 
7f18f4e10000-7f18f4e92000 r-xp 00000000 08:01 5508866                    /lib/libm-2.11.1.so
7f18f4e92000-7f18f5091000 ---p 00082000 08:01 5508866                    /lib/libm-2.11.1.so
7f18f5091000-7f18f5092000 r-xp 00081000 08:01 5508866                    /lib/libm-2.11.1.so
7f18f5092000-7f18f5093000 rwxp 00082000 08:01 5508866                    /lib/libm-2.11.1.so
7f18f5093000-7f18f586d000 r-xp 00000000 08:01 3671208                    /usr/lib/jvm/java-6-sun-1.6.0.22/jre/lib/amd64/server/libjvm.so
7f18f586d000-7f18f596f000 ---p 007da000 08:01 3671208                    /usr/lib/jvm/java-6-sun-1.6.0.22/jre/lib/amd64/server/libjvm.so
7f18f596f000-7f18f5b00000 rwxp 007dc000 08:01 3671208                    /usr/lib/jvm/java-6-sun-1.6.0.22/jre/lib/amd64/server/libjvm.so
7f18f5b00000-7f18f5b3b000 rwxp 00000000 00:00 0 
7f18f5b3b000-7f18f5cb5000 r-xp 00000000 08:01 5509162                    /lib/libc-2.11.1.so
7f18f5cb5000-7f18f5eb4000 ---p 0017a000 08:01 5509162                    /lib/libc-2.11.1.so
7f18f5eb4000-7f18f5eb8000 r-xp 00179000 08:01 5509162                    /lib/libc-2.11.1.so
7f18f5eb8000-7f18f5eb9000 rwxp 0017d000 08:01 5509162                    /lib/libc-2.11.1.so
7f18f5eb9000-7f18f5ebe000 rwxp 00000000 00:00 0 
7f18f5ebe000-7f18f5ec0000 r-xp 00000000 08:01 5510109                    /lib/libdl-2.11.1.so
7f18f5ec0000-7f18f60c0000 ---p 00002000 08:01 5510109                    /lib/libdl-2.11.1.so
7f18f60c0000-7f18f60c1000 r-xp 00002000 08:01 5510109                    /lib/libdl-2.11.1.so
7f18f60c1000-7f18f60c2000 rwxp 00003000 08:01 5510109                    /lib/libdl-2.11.1.so
7f18f60c2000-7f18f60da000 r-xp 00000000 08:01 5509160                    /lib/libpthread-2.11.1.so
7f18f60da000-7f18f62d9000 ---p 00018000 08:01 5509160                    /lib/libpthread-2.11.1.so
7f18f62d9000-7f18f62da000 r-xp 00017000 08:01 5509160                    /lib/libpthread-2.11.1.so
7f18f62da000-7f18f62db000 rwxp 00018000 08:01 5509160                    /lib/libpthread-2.11.1.so
7f18f62db000-7f18f62df000 rwxp 00000000 00:00 0 
7f18f62df000-7f18f62ff000 r-xp 00000000 08:01 5509133                    /lib/ld-2.11.1.so
7f18f62ff000-7f18f6300000 r-xs 0000b000 08:01 3021253                    /usr/share/java/jzlib-1.0.7.jar
7f18f6300000-7f18f6302000 r-xs 00003000 08:01 3021250                    /usr/share/java/gluegen-rt-1.1.1+dak1.jar
7f18f6302000-7f18f6309000 r-xs 00059000 08:01 7995934                    /home/kevin/soar/SoarSuite/Java/SMLJava/lib/log4j-1.2.15.jar
7f18f6309000-7f18f6373000 rwxp 00000000 00:00 0 
7f18f6373000-7f18f638e000 rwxp 00000000 00:00 0 
7f18f638e000-7f18f6396000 rwxs 00000000 08:01 3546116                    /tmp/hsperfdata_kevin/25763
7f18f6396000-7f18f63d5000 r-xp 00000000 08:01 2891704                    /usr/lib/locale/en_US.utf8/LC_CTYPE
7f18f63d5000-7f18f63d8000 rwxp 00000000 00:00 0 
7f18f63d8000-7f18f63df000 r-xp 00000000 08:01 3671179                    /usr/lib/jvm/java-6-sun-1.6.0.22/jre/lib/amd64/jli/libjli.so
7f18f63df000-7f18f64e0000 ---p 00007000 08:01 3671179                    /usr/lib/jvm/java-6-sun-1.6.0.22/jre/lib/amd64/jli/libjli.so
7f18f64e0000-7f18f64e2000 rwxp 00008000 08:01 3671179                    /usr/lib/jvm/java-6-sun-1.6.0.22/jre/lib/amd64/jli/libjli.so
7f18f64e2000-7f18f64e3000 rwxp 00000000 00:00 0 
7f18f64e3000-7f18f64e5000 r-xs 0000c000 08:01 8260704                    /home/kevin/soar/april/java/lib/orc.jar
7f18f64e5000-7f18f64e6000 r-xs 00004000 08:01 3019863                    /usr/share/java/hamcrest-core-1.1.jar
7f18f64e6000-7f18f64e7000 r-xs 00004000 08:01 3019863                    /usr/share/java/hamcrest-core-1.1.jar
7f18f64e7000-7f18f64e9000 r-xs 0000d000 08:01 7995929                    /home/kevin/soar/SoarSuite/Java/SMLJava/lib/commons-logging-1.1.1.jar
7f18f64e9000-7f18f64ea000 r-xp 00000000 08:01 2891293                    /usr/lib/locale/en_US.utf8/LC_NUMERIC
7f18f64ea000-7f18f64eb000 r-xp 00000000 08:01 2893947                    /usr/lib/locale/en_US.utf8/LC_TIME
7f18f64eb000-7f18f64ec000 r-xp 00000000 08:01 2893948                    /usr/lib/locale/en_US.utf8/LC_MONETARY
7f18f64ec000-7f18f64ed000 r-xp 00000000 08:01 2893949                    /usr/lib/locale/en_US.utf8/LC_MESSAGES/SYS_LC_MESSAGES
7f18f64ed000-7f18f64ee000 r-xp 00000000 08:01 2891684                    /usr/lib/locale/en_US.utf8/LC_PAPER
7f18f64ee000-7f18f64ef000 r-xp 00000000 08:01 2891292                    /usr/lib/locale/en_US.utf8/LC_NAME
7f18f64ef000-7f18f64f0000 r-xp 00000000 08:01 2893950                    /usr/lib/locale/en_US.utf8/LC_ADDRESS
7f18f64f0000-7f18f64f1000 r-xp 00000000 08:01 2893951                    /usr/lib/locale/en_US.utf8/LC_TELEPHONE
7f18f64f1000-7f18f64f2000 r-xp 00000000 08:01 2891680                    /usr/lib/locale/en_US.utf8/LC_MEASUREMENT
7f18f64f2000-7f18f64f9000 r-xs 00000000 08:01 2885335                    /usr/lib/gconv/gconv-modules.cache
7f18f64f9000-7f18f64fa000 r-xp 00000000 08:01 2893952                    /usr/lib/locale/en_US.utf8/LC_IDENTIFICATION
7f18f64fa000-7f18f64fb000 rwxp 00000000 00:00 0 
7f18f64fb000-7f18f64fc000 r-xp 00000000 00:00 0 
7f18f64fc000-7f18f64fe000 rwxp 00000000 00:00 0 
7f18f64fe000-7f18f64ff000 r-xp 0001f000 08:01 5509133                    /lib/ld-2.11.1.so
7f18f64ff000-7f18f6500000 rwxp 00020000 08:01 5509133                    /lib/ld-2.11.1.so
7f18f6500000-7f18f6501000 rwxp 00000000 00:00 0 
7fff546f1000-7fff54707000 rwxp 00000000 00:00 0                          [stack]
7fff547ff000-7fff54800000 r-xp 00000000 00:00 0                          [vdso]
ffffffffff600000-ffffffffff601000 r-xp 00000000 00:00 0                  [vsyscall]

VM Arguments:
jvm_args: -agentlib:jdwp=transport=dt_socket,suspend=y,address=localhost:45318 -Dfile.encoding=UTF-8 
java_command: edu.umich.robot.Application
Launcher Type: SUN_STANDARD

Environment Variables:
JAVA_HOME=/usr/lib/jvm/java-6-sun
CLASSPATH=/usr/share/java/jogl.jar:/usr/share/java/gluegen-rt.jar:/usr/local/share/java/lcm.jar
PATH=/usr/local/sbin:/usr/local/bin:/usr/sbin:/usr/bin:/sbin:/bin:/usr/games:/home/kevin/sandbox/bin
USERNAME=kevin
LD_LIBRARY_PATH=/usr/lib/jvm/java-6-sun-1.6.0.22/jre/lib/amd64/server:/usr/lib/jvm/java-6-sun-1.6.0.22/jre/lib/amd64:/usr/lib/jvm/java-6-sun-1.6.0.22/jre/../lib/amd64:/home/kevin/sandbox/lib:/usr/lib/xulrunner-1.9.2.13
SHELL=/bin/bash
DISPLAY=:0.0

Signal Handlers:
SIGSEGV: [libjvm.so+0x731250], sa_mask[0]=0x7ffbfeff, sa_flags=0x10000004
SIGBUS: [libjvm.so+0x731250], sa_mask[0]=0x7ffbfeff, sa_flags=0x10000004
SIGFPE: [libjvm.so+0x5f5e30], sa_mask[0]=0x7ffbfeff, sa_flags=0x10000004
SIGPIPE: SIG_IGN, sa_mask[0]=0x00000000, sa_flags=0x00000000
SIGXFSZ: [libjvm.so+0x5f5e30], sa_mask[0]=0x7ffbfeff, sa_flags=0x10000004
SIGILL: [libjvm.so+0x5f5e30], sa_mask[0]=0x7ffbfeff, sa_flags=0x10000004
SIGUSR1: SIG_DFL, sa_mask[0]=0x00000000, sa_flags=0x00000000
SIGUSR2: [libjvm.so+0x5f8650], sa_mask[0]=0x00000004, sa_flags=0x10000004
SIGHUP: [libjvm.so+0x5f83a0], sa_mask[0]=0x7ffbfeff, sa_flags=0x10000004
SIGINT: [libjvm.so+0x5f83a0], sa_mask[0]=0x7ffbfeff, sa_flags=0x10000004
SIGTERM: [libjvm.so+0x5f83a0], sa_mask[0]=0x7ffbfeff, sa_flags=0x10000004
SIGQUIT: [libjvm.so+0x5f83a0], sa_mask[0]=0x7ffbfeff, sa_flags=0x10000004


---------------  S Y S T E M  ---------------

OS:squeeze/sid

uname:Linux 2.6.32-28-generic #55-Ubuntu SMP Mon Jan 10 23:42:43 UTC 2011 x86_64
libc:glibc 2.11.1 NPTL 2.11.1 
rlimit: STACK 8192k, CORE 0k, NPROC infinity, NOFILE 1024, AS infinity
load average:0.85 0.98 1.02

CPU:total 4 (4 cores per cpu, 1 threads per core) family 6 model 15 stepping 11, cmov, cx8, fxsr, mmx, sse, sse2, sse3, ssse3

Memory: 4k page, physical 3992556k(1511584k free), swap 5990392k(5990392k free)

vm_info: Java HotSpot(TM) 64-Bit Server VM (17.1-b03) for linux-amd64 JRE (1.6.0_22-b04), built on Sep 15 2010 01:07:59 by "java_re" with gcc 3.2.2 (SuSE Linux)

time: Wed Feb  9 11:40:32 2011
elapsed time: 65 seconds

